2026-03-19 03:45:36 🔍 ETHUSDT 분석 시작 (15m + 1h)...
2026-03-19 03:45:38 🤖 PPO 신호: 🔴 숏
2026-03-19 03:45:38 💰 펀딩비: +0.0100%
2026-03-19 03:45:38 📡 데이터 수집 완료 | 컨플루언스: 🔴 하락 컨플루언스
2026-03-19 03:46:26 🔍 ETHUSDT 분석 시작 (15m + 1h)...
2026-03-19 03:46:26 🤖 PPO 신호: 🔴 숏
2026-03-19 03:46:26 💰 펀딩비: +0.0100%
2026-03-19 03:46:26 📡 데이터 수집 완료 | 컨플루언스: 🔴 하락 컨플루언스
2026-03-19 03:47:10 📊 분석가 완료
2026-03-19 03:47:10 📰 뉴스 에이전트 완료
2026-03-19 03:47:59 ⚖️ 리스크 에이전트 완료
2026-03-19 03:48:11 🤖 트레이더 결정: ⚪ 관망 | 신뢰도: 63%
2026-03-19 03:48:12 ⚠️ 중복 진입 방지: ETHUSDT 이미 포지션 존재 (SHORT)
2026-03-19 03:53:37 🔍 ETHUSDT 분석 시작 (15m + 1h)...
2026-03-19 03:53:40 🤖 PPO 신호: 🔴 숏
2026-03-19 03:53:40 💰 펀딩비: +0.0100%
2026-03-19 03:53:40 📡 데이터 수집 완료 | 컨플루언스: 🔴 하락 컨플루언스
2026-03-19 03:54:01 🔍 ETHUSDT 분석 시작 (15m + 1h)...
2026-03-19 03:54:02 🤖 PPO 신호: 🔴 숏
2026-03-19 03:54:02 💰 펀딩비: +0.0100%
2026-03-19 03:54:02 📡 데이터 수집 완료 | 컨플루언스: 🔴 하락 컨플루언스
2026-03-19 03:54:40 📊 분석가 완료
2026-03-19 03:54:40 📰 뉴스 에이전트 완료
2026-03-19 03:55:23 ⚖️ 리스크 에이전트 완료
2026-03-19 03:55:49 🤖 트레이더 결정: ⚪ 관망 | 신뢰도: 58%
2026-03-19 03:55:49 ⚠️ 중복 진입 방지: ETHUSDT 이미 포지션 존재 (SHORT)
2026-03-19 03:55:49 🔍 BTCUSDT 분석 시작 (15m + 1h)...
2026-03-19 03:55:50 💰 펀딩비: +0.0100%
2026-03-19 03:55:50 📡 데이터 수집 완료 | 컨플루언스: 🔴 하락 컨플루언스
2026-03-19 03:56:45 📊 분석가 완료
2026-03-19 03:56:45 📰 뉴스 에이전트 완료
2026-03-19 03:57:25 ⚖️ 리스크 에이전트 완료
2026-03-19 03:57:36 🤖 트레이더 결정: ⚪ 관망 | 신뢰도: 38%
2026-03-19 03:57:37 ⏸ 진입 보류 (신뢰도:30% | 정각/:30 아님)
2026-03-19 03:59:16 🔍 ETHUSDT 분석 시작 (15m + 1h)...
2026-03-19 03:59:18 🤖 PPO 신호: 🔴 숏
2026-03-19 03:59:18 💰 펀딩비: +0.0100%
2026-03-19 03:59:18 📡 데이터 수집 완료 | 컨플루언스: 🔴 하락 컨플루언스
2026-03-19 03:59:59 📊 분석가 완료
2026-03-19 03:59:59 📰 뉴스 에이전트 완료
2026-03-19 04:00:54 ⚖️ 리스크 에이전트 완료
2026-03-19 04:01:06 🤖 트레이더 결정: 🔴 숏 진입 | 신뢰도: 62%
2026-03-19 04:01:07 ⚠️ 중복 진입 방지: ETHUSDT 이미 포지션 존재 (SHORT)
2026-03-19 04:01:07 🔍 BTCUSDT 분석 시작 (15m + 1h)...
2026-03-19 04:01:08 💰 펀딩비: +0.0100%
2026-03-19 04:01:08 📡 데이터 수집 완료 | 컨플루언스: 🔴 하락 컨플루언스
2026-03-19 04:01:43 📊 분석가 완료
2026-03-19 04:01:43 📰 뉴스 에이전트 완료
2026-03-19 04:02:39 ⚖️ 리스크 에이전트 완료
2026-03-19 04:02:53 🤖 트레이더 결정: ⚪ 관망 | 신뢰도: 38%
2026-03-19 04:02:53 ⏸ 진입 보류 (신뢰도:30% | 정각/:30 아님)
2026-03-19 04:07:29 🔍 ETHUSDT 분석 시작 (15m + 1h)...
2026-03-19 04:07:31 🤖 PPO 신호: 🔴 숏
2026-03-19 04:07:31 💰 펀딩비: +0.0100%
2026-03-19 04:07:31 📡 데이터 수집 완료 | 컨플루언스: 🔴 하락 컨플루언스
2026-03-19 04:07:35 🔍 ETHUSDT 분석 시작 (15m + 1h)...
2026-03-19 04:07:36 🤖 PPO 신호: 🔴 숏
2026-03-19 04:07:36 💰 펀딩비: +0.0100%
2026-03-19 04:07:36 📡 데이터 수집 완료 | 컨플루언스: 🔴 하락 컨플루언스
2026-03-19 04:07:58 🔍 ETHUSDT 분석 시작 (15m + 1h)...
2026-03-19 04:08:03 🔍 ETHUSDT 분석 시작 (15m + 1h)...
2026-03-19 04:08:04 🤖 PPO 신호: 🔴 숏
2026-03-19 04:08:04 💰 펀딩비: +0.0100%
2026-03-19 04:08:04 📡 데이터 수집 완료 | 컨플루언스: 🔴 하락 컨플루언스
2026-03-19 04:08:49 📊 분석가 완료
2026-03-19 04:08:49 📰 뉴스 에이전트 완료
2026-03-19 04:09:37 ⚖️ 리스크 에이전트 완료
2026-03-19 04:09:48 🤖 트레이더 결정: 🔴 숏 진입 | 신뢰도: 62%
2026-03-19 04:09:49 📲 텔레그램 전송: short (이전: 없음)
2026-03-19 04:09:50 ⚠️ 중복 진입 방지: ETHUSDT 이미 포지션 존재 (SHORT)
2026-03-19 04:13:59 🔍 ETHUSDT 분석 시작 (15m + 1h)...
2026-03-19 04:14:02 🤖 PPO 신호: 🔴 숏
2026-03-19 04:14:02 💰 펀딩비: +0.0100%
2026-03-19 04:14:02 📡 데이터 수집 완료 | 컨플루언스: 🔴 하락 컨플루언스
2026-03-19 04:15:00 📊 분석가 완료
2026-03-19 04:15:00 📰 뉴스 에이전트 완료
2026-03-19 04:15:48 ⚖️ 리스크 에이전트 완료
2026-03-19 04:16:15 🤖 트레이더 결정: 🔴 숏 진입 | 신뢰도: 62%
2026-03-19 04:16:15 ⚠️ 중복 진입 방지: ETHUSDT 이미 포지션 존재 (SHORT)
2026-03-19 04:16:15 🔍 BTCUSDT 분석 시작 (15m + 1h)...
2026-03-19 04:16:16 💰 펀딩비: +0.0100%
2026-03-19 04:16:16 📡 데이터 수집 완료 | 컨플루언스: 🔴 하락 컨플루언스
2026-03-19 04:16:54 📊 분석가 완료
2026-03-19 04:16:54 📰 뉴스 에이전트 완료
2026-03-19 04:17:42 ⚖️ 리스크 에이전트 완료
2026-03-19 04:17:54 🤖 트레이더 결정: ⚪ 관망 | 신뢰도: 38%
2026-03-19 04:17:55 ⏸ 진입 보류 (신뢰도:30% | 정각/:30 아님)
2026-03-19 04:28:52 🔍 ETHUSDT 분석 시작 (15m + 1h)...
2026-03-19 04:28:53 🤖 PPO 신호: 🔴 숏
2026-03-19 04:28:53 💰 펀딩비: +0.0100%
2026-03-19 04:28:53 📡 데이터 수집 완료 | 컨플루언스: 🔴 하락 컨플루언스
2026-03-19 04:30:06 📊 분석가 완료
2026-03-19 04:30:06 📰 뉴스 에이전트 완료
2026-03-19 04:30:52 ⚖️ 리스크 에이전트 완료
2026-03-19 04:31:03 🤖 트레이더 결정: ⚪ 관망 | 신뢰도: 42%
2026-03-19 04:31:03 ⚠️ 중복 진입 방지: ETHUSDT 이미 포지션 존재 (SHORT)
2026-03-19 04:31:03 🔍 BTCUSDT 분석 시작 (15m + 1h)...
2026-03-19 04:31:04 💰 펀딩비: +0.0100%
2026-03-19 04:31:04 📡 데이터 수집 완료 | 컨플루언스: 🔴 하락 컨플루언스
2026-03-19 04:32:06 📊 분석가 완료
2026-03-19 04:32:06 📰 뉴스 에이전트 완료
2026-03-19 04:32:43 ⚖️ 리스크 에이전트 완료
2026-03-19 04:32:55 🤖 트레이더 결정: ⚪ 관망 | 신뢰도: 42%
2026-03-19 04:32:55 ⏸ 진입 보류 (신뢰도:30% | 정각/:30 아님)
2026-03-19 04:43:52 🔍 ETHUSDT 분석 시작 (15m + 1h)...
2026-03-19 04:43:52 🤖 PPO 신호: 🔴 숏
2026-03-19 04:43:53 💰 펀딩비: +0.0100%
2026-03-19 04:43:53 📡 데이터 수집 완료 | 컨플루언스: 🔴 하락 컨플루언스
2026-03-19 04:44:31 📊 분석가 완료
2026-03-19 04:44:31 📰 뉴스 에이전트 완료
2026-03-19 04:45:18 ⚖️ 리스크 에이전트 완료
2026-03-19 04:45:32 🤖 트레이더 결정: ⚪ 관망 | 신뢰도: 32%
2026-03-19 04:45:33 ⚠️ 중복 진입 방지: ETHUSDT 이미 포지션 존재 (SHORT)
2026-03-19 04:45:33 🔍 BTCUSDT 분석 시작 (15m + 1h)...
2026-03-19 04:45:33 💰 펀딩비: +0.0100%
2026-03-19 04:45:33 📡 데이터 수집 완료 | 컨플루언스: 🔴 하락 컨플루언스
2026-03-19 04:46:15 📊 분석가 완료
2026-03-19 04:46:15 📰 뉴스 에이전트 완료
2026-03-19 04:47:01 ⚖️ 리스크 에이전트 완료
2026-03-19 04:47:33 🤖 트레이더 결정: 🔴 숏 진입 | 신뢰도: 62%
2026-03-19 04:47:33 ✅ 진입 조건 충족 (신뢰도:88% | 시각:47분)
2026-03-19 04:47:34 💼 진입 금액: $100 (잔고 20%)
2026-03-19 04:47:34 📐 트레이더 JSON SL:$71941 / TP:$70673
2026-03-19 04:47:35 ✅ 숏 주문 실행: BTCUSDT 0.004 @ $71022.2
2026-03-19 04:57:52 🔍 ETHUSDT 분석 시작 (15m + 1h)...
2026-03-19 04:57:52 🤖 PPO 신호: 🔴 숏
2026-03-19 04:57:52 💰 펀딩비: +0.0100%
2026-03-19 04:57:52 📡 데이터 수집 완료 | 컨플루언스: 🔴 하락 컨플루언스
2026-03-19 04:58:39 📊 분석가 완료
2026-03-19 04:58:39 📰 뉴스 에이전트 완료
2026-03-19 04:59:24 ⚖️ 리스크 에이전트 완료
2026-03-19 05:00:02 🤖 트레이더 결정: ⚪ 관망 | 신뢰도: 62%
2026-03-19 05:00:03 ⚠️ 중복 진입 방지: ETHUSDT 이미 포지션 존재 (SHORT)
2026-03-19 05:00:03 🔍 BTCUSDT 분석 시작 (15m + 1h)...
2026-03-19 05:00:03 💰 펀딩비: +0.0100%
2026-03-19 05:00:03 📡 데이터 수집 완료 | 컨플루언스: 🔴 하락 컨플루언스
2026-03-19 05:00:41 📊 분석가 완료
2026-03-19 05:00:41 📰 뉴스 에이전트 완료
2026-03-19 05:01:33 ⚖️ 리스크 에이전트 완료
2026-03-19 05:01:52 🤖 트레이더 결정: ⚪ 관망 | 신뢰도: 72%
2026-03-19 05:01:53 ⚠️ 중복 진입 방지: BTCUSDT 이미 포지션 존재 (SHORT)
2026-03-19 05:12:52 📋 BTCUSDT SL/TP 자동 청산 감지: PnL $+0.0000
2026-03-19 05:12:52 📋 ETHUSDT SL/TP 자동 청산 감지: PnL $+2.0114
2026-03-19 05:12:53 📋 ETHUSDT SL/TP 자동 청산 감지: PnL $-0.0007
2026-03-19 05:12:53 🔍 ETHUSDT 분석 시작 (15m + 1h)...
2026-03-19 05:12:53 🤖 PPO 신호: 🔴 숏
2026-03-19 05:12:53 💰 펀딩비: +0.0100%
2026-03-19 05:12:53 📡 데이터 수집 완료 | 컨플루언스: 🔴 하락 컨플루언스
2026-03-19 05:13:45 📊 분석가 완료
2026-03-19 05:13:45 📰 뉴스 에이전트 완료
2026-03-19 05:14:31 ⚖️ 리스크 에이전트 완료
2026-03-19 05:14:50 🤖 트레이더 결정: ⚪ 관망 | 신뢰도: 38%
2026-03-19 05:14:50 ⏸ 진입 보류 (신뢰도:30% | 정각/:30 아님)
2026-03-19 05:14:50 🔍 BTCUSDT 분석 시작 (15m + 1h)...
2026-03-19 05:14:51 💰 펀딩비: +0.0100%
2026-03-19 05:14:51 📡 데이터 수집 완료 | 컨플루언스: 🔴 하락 컨플루언스
2026-03-19 05:15:25 📊 분석가 완료
2026-03-19 05:15:25 📰 뉴스 에이전트 완료
2026-03-19 05:16:02 ⚖️ 리스크 에이전트 완료
2026-03-19 05:16:16 🤖 트레이더 결정: ⚪ 관망 | 신뢰도: 38%
2026-03-19 05:16:16 ⏸ 진입 보류 (신뢰도:30% | 정각/:30 아님)
2026-03-19 05:26:52 🔍 ETHUSDT 분석 시작 (15m + 1h)...
2026-03-19 05:26:52 🤖 PPO 신호: 🔴 숏
2026-03-19 05:26:52 💰 펀딩비: +0.0100%
2026-03-19 05:26:52 📡 데이터 수집 완료 | 컨플루언스: 🔴 하락 컨플루언스
2026-03-19 05:27:48 📊 분석가 완료
2026-03-19 05:27:48 📰 뉴스 에이전트 완료
2026-03-19 05:28:30 ⚖️ 리스크 에이전트 완료
2026-03-19 05:28:43 🤖 트레이더 결정: ⚪ 관망 | 신뢰도: 42%
2026-03-19 05:28:44 ⏸ 진입 보류 (신뢰도:30% | 정각/:30 아님)
2026-03-19 05:28:44 🔍 BTCUSDT 분석 시작 (15m + 1h)...
2026-03-19 05:28:44 💰 펀딩비: +0.0100%
2026-03-19 05:28:44 📡 데이터 수집 완료 | 컨플루언스: 🔴 하락 컨플루언스
2026-03-19 05:29:23 📊 분석가 완료
2026-03-19 05:29:23 📰 뉴스 에이전트 완료
2026-03-19 05:30:07 ⚖️ 리스크 에이전트 완료
2026-03-19 05:30:30 🤖 트레이더 결정: ⚪ 관망 | 신뢰도: 62%
2026-03-19 05:30:30 ✅ 진입 조건 충족 (신뢰도:30% | 시각:30분)
2026-03-19 05:30:31 💼 진입 금액: $100 (잔고 20%)
2026-03-19 05:30:31 ⚪ 관망 — 주문 없음
2026-03-19 05:40:53 🔍 ETHUSDT 분석 시작 (15m + 1h)...
2026-03-19 05:40:53 🤖 PPO 신호: 🔴 숏
2026-03-19 05:40:54 💰 펀딩비: +0.0100%
2026-03-19 05:40:54 📡 데이터 수집 완료 | 컨플루언스: 🔴 하락 컨플루언스
2026-03-19 05:41:48 📊 분석가 완료
2026-03-19 05:41:48 📰 뉴스 에이전트 완료
2026-03-19 05:42:24 ⚖️ 리스크 에이전트 완료
2026-03-19 05:42:36 🤖 트레이더 결정: 🔴 숏 진입 | 신뢰도: 76%
2026-03-19 05:42:36 ✅ 진입 조건 충족 (신뢰도:100% | 시각:42분)
2026-03-19 05:42:37 💼 진입 금액: $100 (잔고 20%)
2026-03-19 05:42:37 📐 트레이더 JSON SL:$2202.27 / TP:$2144.85
2026-03-19 05:42:38 ✅ 숏 주문 실행: ETHUSDT 0.137 @ $2181.94
2026-03-19 05:42:38 🔍 BTCUSDT 분석 시작 (15m + 1h)...
2026-03-19 05:42:39 💰 펀딩비: +0.0100%
2026-03-19 05:42:39 📡 데이터 수집 완료 | 컨플루언스: 🔴 하락 컨플루언스
2026-03-19 05:43:21 📊 분석가 완료
2026-03-19 05:43:21 📰 뉴스 에이전트 완료
2026-03-19 05:43:58 ⚖️ 리스크 에이전트 완료
2026-03-19 05:44:27 🤖 트레이더 결정: 🔴 숏 진입 | 신뢰도: 58%
2026-03-19 05:44:28 ✅ 진입 조건 충족 (신뢰도:93% | 시각:44분)
2026-03-19 05:44:28 💼 진입 금액: $100 (잔고 20%)
2026-03-19 05:44:28 📐 트레이더 JSON SL:$71553 / TP:$70344
2026-03-19 05:44:30 ✅ 숏 주문 실행: BTCUSDT 0.004 @ $71145.0
2026-03-19 05:54:53 🔍 ETHUSDT 분석 시작 (15m + 1h)...
2026-03-19 05:54:53 🤖 PPO 신호: 🔴 숏
2026-03-19 05:54:54 💰 펀딩비: +0.0100%
2026-03-19 05:54:54 📡 데이터 수집 완료 | 컨플루언스: 🔴 하락 컨플루언스
2026-03-19 05:55:32 📊 분석가 완료
2026-03-19 05:55:32 📰 뉴스 에이전트 완료
2026-03-19 05:56:09 ⚖️ 리스크 에이전트 완료
2026-03-19 05:56:19 🤖 트레이더 결정: ⚪ 관망 | 신뢰도: 32%
2026-03-19 05:56:20 ⚠️ 중복 진입 방지: ETHUSDT 이미 포지션 존재 (SHORT)
2026-03-19 05:56:20 🔍 BTCUSDT 분석 시작 (15m + 1h)...
2026-03-19 05:56:20 💰 펀딩비: +0.0100%
2026-03-19 05:56:20 📡 데이터 수집 완료 | 컨플루언스: 🔴 하락 컨플루언스
2026-03-19 05:56:58 📊 분석가 완료
2026-03-19 05:56:58 📰 뉴스 에이전트 완료
2026-03-19 05:57:31 ⚖️ 리스크 에이전트 완료
2026-03-19 05:57:46 🤖 트레이더 결정: ⚪ 관망 | 신뢰도: 48%
2026-03-19 05:57:46 ⚠️ 중복 진입 방지: BTCUSDT 이미 포지션 존재 (SHORT)
2026-03-19 06:07:52 🔍 ETHUSDT 분석 시작 (15m + 1h)...
2026-03-19 06:07:54 🤖 PPO 신호: 🔴 숏
2026-03-19 06:07:54 💰 펀딩비: +0.0100%
2026-03-19 06:07:54 📡 데이터 수집 완료 | 컨플루언스: ⚪ 혼조 (신호 불일치)
2026-03-19 06:08:40 📊 분석가 완료
2026-03-19 06:08:40 📰 뉴스 에이전트 완료
2026-03-19 06:09:17 ⚖️ 리스크 에이전트 완료
2026-03-19 06:09:32 🤖 트레이더 결정: ⚪ 관망 | 신뢰도: 38%
2026-03-19 06:09:32 ⚠️ 중복 진입 방지: ETHUSDT 이미 포지션 존재 (SHORT)
2026-03-19 06:09:32 🔍 BTCUSDT 분석 시작 (15m + 1h)...
2026-03-19 06:09:33 💰 펀딩비: +0.0100%
2026-03-19 06:09:33 📡 데이터 수집 완료 | 컨플루언스: 🔴 하락 컨플루언스
2026-03-19 06:10:18 📊 분석가 완료
2026-03-19 06:10:18 📰 뉴스 에이전트 완료
2026-03-19 06:10:57 ⚖️ 리스크 에이전트 완료
2026-03-19 06:11:29 🤖 트레이더 결정: ⚪ 관망 | 신뢰도: 45%
2026-03-19 06:11:29 ⚠️ 중복 진입 방지: BTCUSDT 이미 포지션 존재 (SHORT)
2026-03-19 06:21:52 🔍 ETHUSDT 분석 시작 (15m + 1h)...
2026-03-19 06:21:52 🤖 PPO 신호: 🔴 숏
2026-03-19 06:21:53 💰 펀딩비: +0.0100%
2026-03-19 06:21:53 📡 데이터 수집 완료 | 컨플루언스: ⚪ 혼조 (신호 불일치)
2026-03-19 06:22:30 📊 분석가 완료
2026-03-19 06:22:30 📰 뉴스 에이전트 완료
2026-03-19 06:23:21 ⚖️ 리스크 에이전트 완료
2026-03-19 06:23:34 🤖 트레이더 결정: ⚪ 관망 | 신뢰도: 38%
2026-03-19 06:23:34 ⚠️ 중복 진입 방지: ETHUSDT 이미 포지션 존재 (SHORT)
2026-03-19 06:23:34 🔍 BTCUSDT 분석 시작 (15m + 1h)...
2026-03-19 06:23:35 💰 펀딩비: +0.0100%
2026-03-19 06:23:35 📡 데이터 수집 완료 | 컨플루언스: 🔴 하락 컨플루언스
2026-03-19 06:24:20 📊 분석가 완료
2026-03-19 06:24:20 📰 뉴스 에이전트 완료
2026-03-19 06:25:17 ⚖️ 리스크 에이전트 완료
2026-03-19 06:25:32 🤖 트레이더 결정: ⚪ 관망 | 신뢰도: 38%
2026-03-19 06:25:32 ⚠️ 중복 진입 방지: BTCUSDT 이미 포지션 존재 (SHORT)
2026-03-19 06:35:52 🔍 ETHUSDT 분석 시작 (15m + 1h)...
2026-03-19 06:35:52 🤖 PPO 신호: 🔴 숏
2026-03-19 06:35:53 💰 펀딩비: +0.0097%
2026-03-19 06:35:53 📡 데이터 수집 완료 | 컨플루언스: ⚪ 혼조 (신호 불일치)
2026-03-19 06:36:39 📊 분석가 완료
2026-03-19 06:36:39 📰 뉴스 에이전트 완료
2026-03-19 06:37:25 ⚖️ 리스크 에이전트 완료
2026-03-19 06:37:37 🤖 트레이더 결정: ⚪ 관망 | 신뢰도: 45%
2026-03-19 06:37:37 ⚠️ 중복 진입 방지: ETHUSDT 이미 포지션 존재 (SHORT)
2026-03-19 06:37:37 🔍 BTCUSDT 분석 시작 (15m + 1h)...
2026-03-19 06:37:38 💰 펀딩비: +0.0100%
2026-03-19 06:37:38 📡 데이터 수집 완료 | 컨플루언스: 🔴 하락 컨플루언스
2026-03-19 06:38:18 📊 분석가 완료
2026-03-19 06:38:18 📰 뉴스 에이전트 완료
2026-03-19 06:38:52 ⚖️ 리스크 에이전트 완료
2026-03-19 06:39:15 🤖 트레이더 결정: ⚪ 관망 | 신뢰도: 52%
2026-03-19 06:39:15 ⚠️ 중복 진입 방지: BTCUSDT 이미 포지션 존재 (SHORT)
2026-03-19 06:48:54 🔍 ETHUSDT 분석 시작 (15m + 1h)...
2026-03-19 06:48:57 🤖 PPO 신호: 🔴 숏
2026-03-19 06:48:57 💰 펀딩비: +0.0071%
2026-03-19 06:48:57 📡 데이터 수집 완료 | 컨플루언스: ⚪ 혼조 (신호 불일치)
2026-03-19 06:49:42 📊 분석가 완료
2026-03-19 06:49:42 📰 뉴스 에이전트 완료
2026-03-19 06:50:25 ⚖️ 리스크 에이전트 완료
2026-03-19 06:50:39 🤖 트레이더 결정: ⚪ 관망 | 신뢰도: 38%
2026-03-19 06:50:40 📲 텔레그램 전송: wait (이전: 없음)
2026-03-19 06:50:40 ⚠️ 중복 진입 방지: ETHUSDT 이미 포지션 존재 (SHORT)
2026-03-19 07:00:47 📋 ETHUSDT SL/TP 자동 청산 감지: PnL $-0.3466
2026-03-19 07:00:47 🔍 ETHUSDT 분석 시작 (15m + 1h)...
2026-03-19 07:00:48 🤖 PPO 신호: 🔴 숏
2026-03-19 07:00:48 💰 펀딩비: +0.0062%
2026-03-19 07:00:48 📡 데이터 수집 완료 | 컨플루언스: ⚪ 혼조 (신호 불일치)
2026-03-19 07:01:24 📊 분석가 완료
2026-03-19 07:01:24 📰 뉴스 에이전트 완료
2026-03-19 07:02:00 ⚖️ 리스크 에이전트 완료
2026-03-19 07:02:13 🤖 트레이더 결정: ⚪ 관망 | 신뢰도: 38%
2026-03-19 07:02:13 📵 텔레그램 스킵: 신호 동일 (wait)
2026-03-19 07:02:14 ⏸ 진입 보류 (신뢰도:30% | 정각/:30 아님)
2026-03-19 07:02:14 🔍 BTCUSDT 분석 시작 (15m + 1h)...
2026-03-19 07:02:15 💰 펀딩비: +0.0100%
2026-03-19 07:02:15 📡 데이터 수집 완료 | 컨플루언스: 🔴 하락 컨플루언스
2026-03-19 07:03:08 📊 분석가 완료
2026-03-19 07:03:08 📰 뉴스 에이전트 완료
2026-03-19 07:03:52 ⚖️ 리스크 에이전트 완료
2026-03-19 07:04:02 🤖 트레이더 결정: 🔴 숏 진입 | 신뢰도: 62%
2026-03-19 07:04:04 📲 텔레그램 전송: short (이전: 없음)
2026-03-19 07:04:04 ⚠️ 중복 진입 방지: BTCUSDT 이미 포지션 존재 (SHORT)
2026-03-19 07:14:52 🔍 ETHUSDT 분석 시작 (15m + 1h)...
2026-03-19 07:14:53 🤖 PPO 신호: 🔴 숏
2026-03-19 07:14:54 💰 펀딩비: +0.0075%
2026-03-19 07:14:54 📡 데이터 수집 완료 | 컨플루언스: ⚪ 혼조 (신호 불일치)
2026-03-19 07:15:29 📊 분석가 완료
2026-03-19 07:15:29 📰 뉴스 에이전트 완료
2026-03-19 07:15:37 🔍 ETHUSDT 분석 시작 (15m + 1h)...
2026-03-19 07:15:37 🤖 PPO 신호: 🔴 숏
2026-03-19 07:15:37 💰 펀딩비: +0.0077%
2026-03-19 07:15:37 📡 데이터 수집 완료 | 컨플루언스: ⚪ 혼조 (신호 불일치)
2026-03-19 07:16:31 📊 분석가 완료
2026-03-19 07:16:31 📰 뉴스 에이전트 완료
2026-03-19 07:17:13 ⚖️ 리스크 에이전트 완료
2026-03-19 07:17:37 🤖 트레이더 결정: ⚪ 관망 | 신뢰도: 42%
2026-03-19 07:17:37 ⏸ 진입 보류 (신뢰도:30% | 정각/:30 아님)
2026-03-19 07:17:37 🔍 BTCUSDT 분석 시작 (15m + 1h)...
2026-03-19 07:17:38 💰 펀딩비: +0.0100%
2026-03-19 07:17:38 📡 데이터 수집 완료 | 컨플루언스: 🔴 하락 컨플루언스
2026-03-19 07:18:22 📊 분석가 완료
2026-03-19 07:18:22 📰 뉴스 에이전트 완료
2026-03-19 07:19:09 ⚖️ 리스크 에이전트 완료
2026-03-19 07:19:20 🤖 트레이더 결정: ⚪ 관망 | 신뢰도: 52%
2026-03-19 07:19:21 ⚠️ 중복 진입 방지: BTCUSDT 이미 포지션 존재 (SHORT)
2026-03-19 07:29:26 🔍 ETHUSDT 분석 시작 (15m + 1h)...
2026-03-19 07:29:27 🤖 PPO 신호: 🔴 숏
2026-03-19 07:29:27 💰 펀딩비: +0.0069%
2026-03-19 07:29:27 📡 데이터 수집 완료 | 컨플루언스: ⚪ 혼조 (신호 불일치)
2026-03-19 07:30:09 📊 분석가 완료
2026-03-19 07:30:09 📰 뉴스 에이전트 완료
2026-03-19 07:30:55 ⚖️ 리스크 에이전트 완료
2026-03-19 07:31:07 🤖 트레이더 결정: 🔴 숏 진입 | 신뢰도: 62%
2026-03-19 07:31:07 ✅ 진입 조건 충족 (신뢰도:77% | 시각:31분)
2026-03-19 07:31:08 💼 진입 금액: $100 (잔고 20%)
2026-03-19 07:31:08 📐 트레이더 JSON SL:$2224 / TP:$2158
2026-03-19 07:31:09 ✅ 숏 주문 실행: ETHUSDT 0.136 @ $2192.03
2026-03-19 07:31:09 🔍 BTCUSDT 분석 시작 (15m + 1h)...
2026-03-19 07:31:09 💰 펀딩비: +0.0100%
2026-03-19 07:31:09 📡 데이터 수집 완료 | 컨플루언스: 🔴 하락 컨플루언스
2026-03-19 07:31:48 📊 분석가 완료
2026-03-19 07:31:48 📰 뉴스 에이전트 완료
2026-03-19 07:32:23 ⚖️ 리스크 에이전트 완료
2026-03-19 07:32:35 🤖 트레이더 결정: 🔴 숏 진입 | 신뢰도: 62%
2026-03-19 07:32:35 ⚠️ 중복 진입 방지: BTCUSDT 이미 포지션 존재 (SHORT)
2026-03-19 07:42:41 🔍 ETHUSDT 분석 시작 (15m + 1h)...
2026-03-19 07:42:41 🤖 PPO 신호: 🔴 숏
2026-03-19 07:42:42 💰 펀딩비: +0.0068%
2026-03-19 07:42:42 📡 데이터 수집 완료 | 컨플루언스: 🔴 하락 컨플루언스
2026-03-19 07:43:34 📊 분석가 완료
2026-03-19 07:43:34 📰 뉴스 에이전트 완료
2026-03-19 07:44:14 ⚖️ 리스크 에이전트 완료
2026-03-19 07:44:35 🤖 트레이더 결정: 🔴 숏 진입 | 신뢰도: 57%
2026-03-19 07:44:36 ⚠️ 중복 진입 방지: ETHUSDT 이미 포지션 존재 (SHORT)
2026-03-19 07:44:36 🔍 BTCUSDT 분석 시작 (15m + 1h)...
2026-03-19 07:44:37 💰 펀딩비: +0.0100%
2026-03-19 07:44:37 📡 데이터 수집 완료 | 컨플루언스: 🔴 하락 컨플루언스
2026-03-19 07:45:13 📊 분석가 완료
2026-03-19 07:45:13 📰 뉴스 에이전트 완료
2026-03-19 07:45:57 ⚖️ 리스크 에이전트 완료
2026-03-19 07:46:17 🤖 트레이더 결정: 🔴 숏 진입 | 신뢰도: 62%
2026-03-19 07:46:17 ⚠️ 중복 진입 방지: BTCUSDT 이미 포지션 존재 (SHORT)
2026-03-19 07:56:23 🔍 ETHUSDT 분석 시작 (15m + 1h)...
2026-03-19 07:56:23 🤖 PPO 신호: 🔴 숏
2026-03-19 07:56:24 💰 펀딩비: +0.0068%
2026-03-19 07:56:24 📡 데이터 수집 완료 | 컨플루언스: ⚪ 혼조 (신호 불일치)
2026-03-19 07:57:03 📊 분석가 완료
2026-03-19 07:57:03 📰 뉴스 에이전트 완료
2026-03-19 07:57:41 ⚖️ 리스크 에이전트 완료
2026-03-19 07:57:53 🤖 트레이더 결정: 🔴 숏 진입 | 신뢰도: 62%
2026-03-19 07:57:53 ⚠️ 중복 진입 방지: ETHUSDT 이미 포지션 존재 (SHORT)
2026-03-19 07:57:53 🔍 BTCUSDT 분석 시작 (15m + 1h)...
2026-03-19 07:57:54 💰 펀딩비: +0.0100%
2026-03-19 07:57:54 📡 데이터 수집 완료 | 컨플루언스: 🔴 하락 컨플루언스
2026-03-19 07:58:31 📊 분석가 완료
2026-03-19 07:58:31 📰 뉴스 에이전트 완료
2026-03-19 07:59:27 ⚖️ 리스크 에이전트 완료
2026-03-19 07:59:38 🤖 트레이더 결정: ⚪ 관망 | 신뢰도: 22%
2026-03-19 07:59:39 ⚠️ 중복 진입 방지: BTCUSDT 이미 포지션 존재 (SHORT)
2026-03-19 08:09:44 🔍 ETHUSDT 분석 시작 (15m + 1h)...
2026-03-19 08:09:45 🤖 PPO 신호: 🔴 숏
2026-03-19 08:09:45 💰 펀딩비: +0.0054%
2026-03-19 08:09:45 📡 데이터 수집 완료 | 컨플루언스: ⚪ 혼조 (신호 불일치)
2026-03-19 08:10:22 📊 분석가 완료
2026-03-19 08:10:22 📰 뉴스 에이전트 완료
2026-03-19 08:10:56 ⚖️ 리스크 에이전트 완료
2026-03-19 08:11:07 🤖 트레이더 결정: ⚪ 관망 | 신뢰도: 32%
2026-03-19 08:11:07 ⚠️ 중복 진입 방지: ETHUSDT 이미 포지션 존재 (SHORT)
2026-03-19 08:11:07 🔍 BTCUSDT 분석 시작 (15m + 1h)...
2026-03-19 08:11:08 💰 펀딩비: +0.0100%
2026-03-19 08:11:08 📡 데이터 수집 완료 | 컨플루언스: ⚪ 혼조 (신호 불일치)
2026-03-19 08:11:46 📊 분석가 완료
2026-03-19 08:11:46 📰 뉴스 에이전트 완료
2026-03-19 08:12:27 ⚖️ 리스크 에이전트 완료
2026-03-19 08:12:40 🤖 트레이더 결정: ⚪ 관망 | 신뢰도: 22%
2026-03-19 08:12:40 ⚠️ 중복 진입 방지: BTCUSDT 이미 포지션 존재 (SHORT)
2026-03-19 08:22:46 🔍 ETHUSDT 분석 시작 (15m + 1h)...
2026-03-19 08:22:46 🤖 PPO 신호: 🔴 숏
2026-03-19 08:22:46 💰 펀딩비: +0.0052%
2026-03-19 08:22:46 📡 데이터 수집 완료 | 컨플루언스: ⚪ 혼조 (신호 불일치)
2026-03-19 08:23:19 📊 분석가 완료
2026-03-19 08:23:19 📰 뉴스 에이전트 완료
2026-03-19 08:24:12 ⚖️ 리스크 에이전트 완료
2026-03-19 08:24:23 🤖 트레이더 결정: 🔴 숏 진입 | 신뢰도: 62%
2026-03-19 08:24:24 ⚠️ 중복 진입 방지: ETHUSDT 이미 포지션 존재 (SHORT)
2026-03-19 08:24:24 🔍 BTCUSDT 분석 시작 (15m + 1h)...
2026-03-19 08:24:24 💰 펀딩비: +0.0100%
2026-03-19 08:24:24 📡 데이터 수집 완료 | 컨플루언스: 🔴 하락 컨플루언스
2026-03-19 08:25:15 📊 분석가 완료
2026-03-19 08:25:15 📰 뉴스 에이전트 완료
2026-03-19 08:25:54 ⚖️ 리스크 에이전트 완료
2026-03-19 08:26:06 🤖 트레이더 결정: ⚪ 관망 | 신뢰도: 22%
2026-03-19 08:26:07 ⚠️ 중복 진입 방지: BTCUSDT 이미 포지션 존재 (SHORT)
2026-03-19 08:36:12 🔍 ETHUSDT 분석 시작 (15m + 1h)...
2026-03-19 08:36:13 🤖 PPO 신호: 🔴 숏
2026-03-19 08:36:13 💰 펀딩비: +0.0027%
2026-03-19 08:36:13 📡 데이터 수집 완료 | 컨플루언스: ⚪ 혼조 (신호 불일치)
2026-03-19 08:36:46 📊 분석가 완료
2026-03-19 08:36:46 📰 뉴스 에이전트 완료
2026-03-19 08:37:26 ⚖️ 리스크 에이전트 완료
2026-03-19 08:37:38 🤖 트레이더 결정: ⚪ 관망 | 신뢰도: 32%
2026-03-19 08:37:38 ⚠️ 중복 진입 방지: ETHUSDT 이미 포지션 존재 (SHORT)
2026-03-19 08:37:39 🔍 BTCUSDT 분석 시작 (15m + 1h)...
2026-03-19 08:37:39 💰 펀딩비: +0.0100%
2026-03-19 08:37:39 📡 데이터 수집 완료 | 컨플루언스: ⚪ 혼조 (신호 불일치)
2026-03-19 08:38:25 📊 분석가 완료
2026-03-19 08:38:25 📰 뉴스 에이전트 완료
2026-03-19 08:38:56 ⚖️ 리스크 에이전트 완료
2026-03-19 08:39:07 🤖 트레이더 결정: ⚪ 관망 | 신뢰도: 32%
2026-03-19 08:39:08 ⚠️ 중복 진입 방지: BTCUSDT 이미 포지션 존재 (SHORT)
2026-03-19 08:49:13 🔍 ETHUSDT 분석 시작 (15m + 1h)...
2026-03-19 08:49:14 🤖 PPO 신호: 🔴 숏
2026-03-19 08:49:14 💰 펀딩비: +0.0017%
2026-03-19 08:49:14 📡 데이터 수집 완료 | 컨플루언스: ⚪ 혼조 (신호 불일치)
2026-03-19 08:49:56 📊 분석가 완료
2026-03-19 08:49:56 📰 뉴스 에이전트 완료
2026-03-19 08:50:49 ⚖️ 리스크 에이전트 완료
2026-03-19 08:51:04 🤖 트레이더 결정: ⚪ 관망 | 신뢰도: 52%
2026-03-19 08:51:05 ⚠️ 중복 진입 방지: ETHUSDT 이미 포지션 존재 (SHORT)
2026-03-19 08:51:05 🔍 BTCUSDT 분석 시작 (15m + 1h)...
2026-03-19 08:51:05 💰 펀딩비: +0.0100%
2026-03-19 08:51:05 📡 데이터 수집 완료 | 컨플루언스: ⚪ 혼조 (신호 불일치)
2026-03-19 08:51:44 📊 분석가 완료
2026-03-19 08:51:44 📰 뉴스 에이전트 완료
2026-03-19 08:52:30 ⚖️ 리스크 에이전트 완료
2026-03-19 08:53:05 🤖 트레이더 결정: 🔴 숏 진입 | 신뢰도: 63%
2026-03-19 08:53:06 ⚠️ 중복 진입 방지: BTCUSDT 이미 포지션 존재 (SHORT)
2026-03-19 09:03:11 🔍 ETHUSDT 분석 시작 (15m + 1h)...
2026-03-19 09:03:12 🤖 PPO 신호: 🔴 숏
2026-03-19 09:03:12 💰 펀딩비: +0.0009%
2026-03-19 09:03:12 📡 데이터 수집 완료 | 컨플루언스: ⚪ 혼조 (신호 불일치)
2026-03-19 09:04:07 📊 분석가 완료
2026-03-19 09:04:07 📰 뉴스 에이전트 완료
2026-03-19 09:05:00 ⚖️ 리스크 에이전트 완료
2026-03-19 09:05:14 🤖 트레이더 결정: ⚪ 관망 | 신뢰도: 32%
2026-03-19 09:05:15 ⚠️ 중복 진입 방지: ETHUSDT 이미 포지션 존재 (SHORT)
2026-03-19 09:05:15 🔍 BTCUSDT 분석 시작 (15m + 1h)...
2026-03-19 09:05:15 💰 펀딩비: +0.0100%
2026-03-19 09:05:15 📡 데이터 수집 완료 | 컨플루언스: ⚪ 혼조 (신호 불일치)
2026-03-19 09:05:57 📊 분석가 완료
2026-03-19 09:05:57 📰 뉴스 에이전트 완료
2026-03-19 09:06:51 ⚖️ 리스크 에이전트 완료
2026-03-19 09:07:11 🤖 트레이더 결정: ⚪ 관망 | 신뢰도: 62%
2026-03-19 09:07:11 ⚠️ 중복 진입 방지: BTCUSDT 이미 포지션 존재 (SHORT)
2026-03-19 09:17:52 🔍 ETHUSDT 분석 시작 (15m + 1h)...
2026-03-19 09:17:53 🤖 PPO 신호: 🔴 숏
2026-03-19 09:17:53 💰 펀딩비: +0.0022%
2026-03-19 09:17:53 📡 데이터 수집 완료 | 컨플루언스: ⚪ 혼조 (신호 불일치)
2026-03-19 09:18:39 📊 분석가 완료
2026-03-19 09:18:39 📰 뉴스 에이전트 완료
2026-03-19 09:19:45 ⚖️ 리스크 에이전트 완료
2026-03-19 09:20:00 🤖 트레이더 결정: ⚪ 관망 | 신뢰도: 62%
2026-03-19 09:20:00 ⚠️ 중복 진입 방지: ETHUSDT 이미 포지션 존재 (SHORT)
2026-03-19 09:20:00 🔍 BTCUSDT 분석 시작 (15m + 1h)...
2026-03-19 09:20:01 💰 펀딩비: +0.0100%
2026-03-19 09:20:01 📡 데이터 수집 완료 | 컨플루언스: 🔴 하락 컨플루언스
2026-03-19 09:20:43 📊 분석가 완료
2026-03-19 09:20:43 📰 뉴스 에이전트 완료
2026-03-19 09:21:34 ⚖️ 리스크 에이전트 완료
2026-03-19 09:21:48 🤖 트레이더 결정: ⚪ 관망 | 신뢰도: 42%
2026-03-19 09:21:48 ⚠️ 중복 진입 방지: BTCUSDT 이미 포지션 존재 (SHORT)
2026-03-19 09:31:52 🔍 ETHUSDT 분석 시작 (15m + 1h)...
2026-03-19 09:31:53 🤖 PPO 신호: 🔴 숏
2026-03-19 09:31:53 💰 펀딩비: +0.0032%
2026-03-19 09:31:53 📡 데이터 수집 완료 | 컨플루언스: ⚪ 혼조 (신호 불일치)
2026-03-19 09:32:48 📊 분석가 완료
2026-03-19 09:32:48 📰 뉴스 에이전트 완료
2026-03-19 09:33:22 ⚖️ 리스크 에이전트 완료
2026-03-19 09:33:35 🤖 트레이더 결정: ⚪ 관망 | 신뢰도: 22%
2026-03-19 09:33:36 ⚠️ 중복 진입 방지: ETHUSDT 이미 포지션 존재 (SHORT)
2026-03-19 09:33:36 🔍 BTCUSDT 분석 시작 (15m + 1h)...
2026-03-19 09:33:36 💰 펀딩비: +0.0100%
2026-03-19 09:33:36 📡 데이터 수집 완료 | 컨플루언스: ⚪ 혼조 (신호 불일치)
2026-03-19 09:34:20 📊 분석가 완료
2026-03-19 09:34:20 📰 뉴스 에이전트 완료
2026-03-19 09:34:49 🔍 ETHUSDT 분석 시작 (15m + 1h)...
2026-03-19 09:34:50 🤖 PPO 신호: 🔴 숏
2026-03-19 09:34:50 💰 펀딩비: +0.0032%
2026-03-19 09:34:50 📡 데이터 수집 완료 | 컨플루언스: ⚪ 혼조 (신호 불일치)
2026-03-19 09:35:32 📊 분석가 완료
2026-03-19 09:35:32 📰 뉴스 에이전트 완료
2026-03-19 09:36:11 ⚖️ 리스크 에이전트 완료
2026-03-19 09:36:27 🤖 트레이더 결정: ⚪ 관망 | 신뢰도: 38%
2026-03-19 09:36:28 ⚠️ 중복 진입 방지: ETHUSDT 이미 포지션 존재 (SHORT)
2026-03-19 09:46:33 🔍 ETHUSDT 분석 시작 (15m + 1h)...
2026-03-19 09:46:34 🤖 PPO 신호: 🔴 숏
2026-03-19 09:46:34 💰 펀딩비: +0.0047%
2026-03-19 09:46:34 📡 데이터 수집 완료 | 컨플루언스: ⚪ 혼조 (신호 불일치)
2026-03-19 09:47:22 📊 분석가 완료
2026-03-19 09:47:22 📰 뉴스 에이전트 완료
2026-03-19 09:47:50 ⚖️ 리스크 에이전트 완료
2026-03-19 09:48:02 🤖 트레이더 결정: ⚪ 관망 | 신뢰도: 47%
2026-03-19 09:48:03 ⚠️ 중복 진입 방지: ETHUSDT 이미 포지션 존재 (SHORT)
2026-03-19 09:48:03 🔍 BTCUSDT 분석 시작 (15m + 1h)...
2026-03-19 09:48:03 💰 펀딩비: +0.0100%
2026-03-19 09:48:03 📡 데이터 수집 완료 | 컨플루언스: 🔴 하락 컨플루언스
2026-03-19 09:48:39 📊 분석가 완료
2026-03-19 09:48:39 📰 뉴스 에이전트 완료
2026-03-19 09:49:15 ⚖️ 리스크 에이전트 완료
2026-03-19 09:49:27 🤖 트레이더 결정: 🔴 숏 진입 | 신뢰도: 62%
2026-03-19 09:49:28 ⚠️ 중복 진입 방지: BTCUSDT 이미 포지션 존재 (SHORT)
2026-03-19 09:59:52 🔍 ETHUSDT 분석 시작 (15m + 1h)...
2026-03-19 09:59:53 🤖 PPO 신호: 🔴 숏
2026-03-19 09:59:53 💰 펀딩비: +0.0047%
2026-03-19 09:59:53 📡 데이터 수집 완료 | 컨플루언스: ⚪ 혼조 (신호 불일치)
2026-03-19 10:00:44 📊 분석가 완료
2026-03-19 10:00:44 📰 뉴스 에이전트 완료
2026-03-19 10:01:41 ⚖️ 리스크 에이전트 완료
2026-03-19 10:01:52 🤖 트레이더 결정: ⚪ 관망 | 신뢰도: 32%
2026-03-19 10:01:52 ⚠️ 중복 진입 방지: ETHUSDT 이미 포지션 존재 (SHORT)
2026-03-19 10:01:52 🔍 BTCUSDT 분석 시작 (15m + 1h)...
2026-03-19 10:01:53 💰 펀딩비: +0.0100%
2026-03-19 10:01:53 📡 데이터 수집 완료 | 컨플루언스: 🔴 하락 컨플루언스
2026-03-19 10:02:26 📊 분석가 완료
2026-03-19 10:02:26 📰 뉴스 에이전트 완료
2026-03-19 10:03:12 ⚖️ 리스크 에이전트 완료
2026-03-19 10:03:25 🤖 트레이더 결정: ⚪ 관망 | 신뢰도: 64%
2026-03-19 10:03:26 ⚠️ 중복 진입 방지: BTCUSDT 이미 포지션 존재 (SHORT)
2026-03-19 10:13:52 🔍 ETHUSDT 분석 시작 (15m + 1h)...
2026-03-19 10:13:53 🤖 PPO 신호: 🔴 숏
2026-03-19 10:13:53 💰 펀딩비: +0.0049%
2026-03-19 10:13:53 📡 데이터 수집 완료 | 컨플루언스: 🔴 하락 컨플루언스
2026-03-19 10:14:53 📊 분석가 완료
2026-03-19 10:14:53 📰 뉴스 에이전트 완료
2026-03-19 10:15:39 ⚖️ 리스크 에이전트 완료
2026-03-19 10:15:51 🤖 트레이더 결정: ⚪ 관망 | 신뢰도: 47%
2026-03-19 10:15:51 ⚠️ 중복 진입 방지: ETHUSDT 이미 포지션 존재 (SHORT)
2026-03-19 10:15:51 🔍 BTCUSDT 분석 시작 (15m + 1h)...
2026-03-19 10:15:51 💰 펀딩비: +0.0100%
2026-03-19 10:15:51 📡 데이터 수집 완료 | 컨플루언스: 🔴 하락 컨플루언스
2026-03-19 10:16:34 📊 분석가 완료
2026-03-19 10:16:34 📰 뉴스 에이전트 완료
2026-03-19 10:17:08 ⚖️ 리스크 에이전트 완료
2026-03-19 10:17:28 🤖 트레이더 결정: 🔴 숏 진입 | 신뢰도: 62%
2026-03-19 10:17:29 ⚠️ 중복 진입 방지: BTCUSDT 이미 포지션 존재 (SHORT)
2026-03-19 10:27:52 🔍 ETHUSDT 분석 시작 (15m + 1h)...
2026-03-19 10:27:53 🤖 PPO 신호: 🔴 숏
2026-03-19 10:27:53 💰 펀딩비: +0.0051%
2026-03-19 10:27:53 📡 데이터 수집 완료 | 컨플루언스: 🔴 하락 컨플루언스
2026-03-19 10:28:32 📊 분석가 완료
2026-03-19 10:28:32 📰 뉴스 에이전트 완료
2026-03-19 10:29:22 ⚖️ 리스크 에이전트 완료
2026-03-19 10:29:33 🤖 트레이더 결정: 🔴 숏 진입 | 신뢰도: 72%
2026-03-19 10:29:34 ⚠️ 중복 진입 방지: ETHUSDT 이미 포지션 존재 (SHORT)
2026-03-19 10:29:34 🔍 BTCUSDT 분석 시작 (15m + 1h)...
2026-03-19 10:29:34 💰 펀딩비: +0.0100%
2026-03-19 10:29:34 📡 데이터 수집 완료 | 컨플루언스: 🔴 하락 컨플루언스
2026-03-19 10:30:12 📊 분석가 완료
2026-03-19 10:30:12 📰 뉴스 에이전트 완료
2026-03-19 10:30:58 ⚖️ 리스크 에이전트 완료
2026-03-19 10:31:11 🤖 트레이더 결정: ⚪ 관망 | 신뢰도: 52%
2026-03-19 10:31:11 ⚠️ 중복 진입 방지: BTCUSDT 이미 포지션 존재 (SHORT)
2026-03-19 10:41:52 🔍 ETHUSDT 분석 시작 (15m + 1h)...
2026-03-19 10:41:53 🤖 PPO 신호: 🔴 숏
2026-03-19 10:41:53 💰 펀딩비: +0.0035%
2026-03-19 10:41:53 📡 데이터 수집 완료 | 컨플루언스: ⚪ 혼조 (신호 불일치)
2026-03-19 10:42:35 📊 분석가 완료
2026-03-19 10:42:35 📰 뉴스 에이전트 완료
2026-03-19 10:43:13 ⚖️ 리스크 에이전트 완료
2026-03-19 10:43:40 🤖 트레이더 결정: ⚪ 관망 | 신뢰도: 28%
2026-03-19 10:43:43 ⚠️ 중복 진입 방지: ETHUSDT 이미 포지션 존재 (SHORT)
2026-03-19 10:43:43 🔍 BTCUSDT 분석 시작 (15m + 1h)...
2026-03-19 10:43:44 💰 펀딩비: +0.0100%
2026-03-19 10:43:44 📡 데이터 수집 완료 | 컨플루언스: 🔴 하락 컨플루언스
2026-03-19 10:44:23 📊 분석가 완료
2026-03-19 10:44:23 📰 뉴스 에이전트 완료
2026-03-19 10:45:13 ⚖️ 리스크 에이전트 완료
2026-03-19 10:45:36 🤖 트레이더 결정: ⚪ 관망 | 신뢰도: 48%
2026-03-19 10:45:37 ⚠️ 중복 진입 방지: BTCUSDT 이미 포지션 존재 (SHORT)
2026-03-19 10:55:52 🔍 ETHUSDT 분석 시작 (15m + 1h)...
2026-03-19 10:55:52 🤖 PPO 신호: 🔴 숏
2026-03-19 10:55:53 💰 펀딩비: +0.0025%
2026-03-19 10:55:53 📡 데이터 수집 완료 | 컨플루언스: ⚪ 혼조 (신호 불일치)
2026-03-19 10:56:35 📊 분석가 완료
2026-03-19 10:56:35 📰 뉴스 에이전트 완료
2026-03-19 10:57:19 ⚖️ 리스크 에이전트 완료
2026-03-19 10:57:32 🤖 트레이더 결정: ⚪ 관망 | 신뢰도: 62%
2026-03-19 10:57:33 ⚠️ 중복 진입 방지: ETHUSDT 이미 포지션 존재 (SHORT)
2026-03-19 10:57:33 🔍 BTCUSDT 분석 시작 (15m + 1h)...
2026-03-19 10:57:33 💰 펀딩비: +0.0100%
2026-03-19 10:57:33 📡 데이터 수집 완료 | 컨플루언스: ⚪ 혼조 (신호 불일치)
2026-03-19 10:58:11 📊 분석가 완료
2026-03-19 10:58:11 📰 뉴스 에이전트 완료
2026-03-19 10:59:02 ⚖️ 리스크 에이전트 완료
2026-03-19 10:59:16 🤖 트레이더 결정: ⚪ 관망 | 신뢰도: 38%
2026-03-19 10:59:16 ⚠️ 중복 진입 방지: BTCUSDT 이미 포지션 존재 (SHORT)
2026-03-19 11:09:52 🔍 ETHUSDT 분석 시작 (15m + 1h)...
2026-03-19 11:09:53 🤖 PPO 신호: 🔴 숏
2026-03-19 11:09:53 💰 펀딩비: +0.0039%
2026-03-19 11:09:53 📡 데이터 수집 완료 | 컨플루언스: ⚪ 혼조 (신호 불일치)
2026-03-19 11:10:35 📊 분석가 완료
2026-03-19 11:10:35 📰 뉴스 에이전트 완료
2026-03-19 11:11:24 ⚖️ 리스크 에이전트 완료
2026-03-19 11:11:48 🤖 트레이더 결정: ⚪ 관망 | 신뢰도: 52%
2026-03-19 11:11:48 ⚠️ 중복 진입 방지: ETHUSDT 이미 포지션 존재 (SHORT)
2026-03-19 11:11:48 🔍 BTCUSDT 분석 시작 (15m + 1h)...
2026-03-19 11:11:49 💰 펀딩비: +0.0100%
2026-03-19 11:11:49 📡 데이터 수집 완료 | 컨플루언스: ⚪ 혼조 (신호 불일치)
2026-03-19 11:12:28 📊 분석가 완료
2026-03-19 11:12:28 📰 뉴스 에이전트 완료
2026-03-19 11:13:07 ⚖️ 리스크 에이전트 완료
2026-03-19 11:13:19 🤖 트레이더 결정: ⚪ 관망 | 신뢰도: 32%
2026-03-19 11:13:19 ⚠️ 중복 진입 방지: BTCUSDT 이미 포지션 존재 (SHORT)
2026-03-19 11:23:52 🔍 ETHUSDT 분석 시작 (15m + 1h)...
2026-03-19 11:23:52 🤖 PPO 신호: 🔴 숏
2026-03-19 11:23:53 💰 펀딩비: +0.0021%
2026-03-19 11:23:53 📡 데이터 수집 완료 | 컨플루언스: ⚪ 혼조 (신호 불일치)
2026-03-19 11:24:33 📊 분석가 완료
2026-03-19 11:24:33 📰 뉴스 에이전트 완료
2026-03-19 11:25:14 ⚖️ 리스크 에이전트 완료
2026-03-19 11:25:27 🤖 트레이더 결정: ⚪ 관망 | 신뢰도: 52%
2026-03-19 11:25:27 ⚠️ 중복 진입 방지: ETHUSDT 이미 포지션 존재 (SHORT)
2026-03-19 11:25:27 🔍 BTCUSDT 분석 시작 (15m + 1h)...
2026-03-19 11:25:28 💰 펀딩비: +0.0100%
2026-03-19 11:25:28 📡 데이터 수집 완료 | 컨플루언스: ⚪ 혼조 (신호 불일치)
2026-03-19 11:26:14 📊 분석가 완료
2026-03-19 11:26:14 📰 뉴스 에이전트 완료
2026-03-19 11:26:47 ⚖️ 리스크 에이전트 완료
2026-03-19 11:27:00 🤖 트레이더 결정: ⚪ 관망 | 신뢰도: 38%
2026-03-19 11:27:00 ⚠️ 중복 진입 방지: BTCUSDT 이미 포지션 존재 (SHORT)
2026-03-19 11:37:52 🔍 ETHUSDT 분석 시작 (15m + 1h)...
2026-03-19 11:37:52 🤖 PPO 신호: 🔴 숏
2026-03-19 11:37:53 💰 펀딩비: +0.0016%
2026-03-19 11:37:53 📡 데이터 수집 완료 | 컨플루언스: ⚪ 혼조 (신호 불일치)
2026-03-19 11:38:28 📊 분석가 완료
2026-03-19 11:38:28 📰 뉴스 에이전트 완료
2026-03-19 11:39:15 ⚖️ 리스크 에이전트 완료
2026-03-19 11:39:29 🤖 트레이더 결정: ⚪ 관망 | 신뢰도: 9%
2026-03-19 11:39:30 ⚠️ 중복 진입 방지: ETHUSDT 이미 포지션 존재 (SHORT)
2026-03-19 11:39:30 🔍 BTCUSDT 분석 시작 (15m + 1h)...
2026-03-19 11:39:31 💰 펀딩비: +0.0100%
2026-03-19 11:39:31 📡 데이터 수집 완료 | 컨플루언스: ⚪ 혼조 (신호 불일치)
2026-03-19 11:40:11 📊 분석가 완료
2026-03-19 11:40:11 📰 뉴스 에이전트 완료
2026-03-19 11:40:47 ⚖️ 리스크 에이전트 완료
2026-03-19 11:40:59 🤖 트레이더 결정: ⚪ 관망 | 신뢰도: 22%
2026-03-19 11:40:59 ⚠️ 중복 진입 방지: BTCUSDT 이미 포지션 존재 (SHORT)
2026-03-19 11:51:52 🔍 ETHUSDT 분석 시작 (15m + 1h)...
2026-03-19 11:51:52 🤖 PPO 신호: 🔴 숏
2026-03-19 11:51:53 💰 펀딩비: +0.0023%
2026-03-19 11:51:53 📡 데이터 수집 완료 | 컨플루언스: ⚪ 혼조 (신호 불일치)
2026-03-19 11:52:30 📊 분석가 완료
2026-03-19 11:52:30 📰 뉴스 에이전트 완료
2026-03-19 11:53:12 ⚖️ 리스크 에이전트 완료
2026-03-19 11:53:22 🤖 트레이더 결정: ⚪ 관망 | 신뢰도: 27%
2026-03-19 11:53:23 ⚠️ 중복 진입 방지: ETHUSDT 이미 포지션 존재 (SHORT)
2026-03-19 11:53:23 🔍 BTCUSDT 분석 시작 (15m + 1h)...
2026-03-19 11:53:23 💰 펀딩비: +0.0100%
2026-03-19 11:53:23 📡 데이터 수집 완료 | 컨플루언스: 🔴 하락 컨플루언스
2026-03-19 11:54:06 📊 분석가 완료
2026-03-19 11:54:06 📰 뉴스 에이전트 완료
2026-03-19 11:54:40 ⚖️ 리스크 에이전트 완료
2026-03-19 11:54:54 🤖 트레이더 결정: ⚪ 관망 | 신뢰도: 48%
2026-03-19 11:54:54 ⚠️ 중복 진입 방지: BTCUSDT 이미 포지션 존재 (SHORT)
2026-03-19 12:05:52 🔍 ETHUSDT 분석 시작 (15m + 1h)...
2026-03-19 12:05:53 🤖 PPO 신호: 🔴 숏
2026-03-19 12:05:53 💰 펀딩비: +0.0062%
2026-03-19 12:05:53 📡 데이터 수집 완료 | 컨플루언스: ⚪ 혼조 (신호 불일치)
2026-03-19 12:06:45 📊 분석가 완료
2026-03-19 12:06:45 📰 뉴스 에이전트 완료
2026-03-19 12:07:28 ⚖️ 리스크 에이전트 완료
2026-03-19 12:07:39 🤖 트레이더 결정: ⚪ 관망 | 신뢰도: 28%
2026-03-19 12:07:40 ⚠️ 중복 진입 방지: ETHUSDT 이미 포지션 존재 (SHORT)
2026-03-19 12:07:40 🔍 BTCUSDT 분석 시작 (15m + 1h)...
2026-03-19 12:07:40 💰 펀딩비: +0.0100%
2026-03-19 12:07:40 📡 데이터 수집 완료 | 컨플루언스: 🔴 하락 컨플루언스
2026-03-19 12:08:17 📊 분석가 완료
2026-03-19 12:08:17 📰 뉴스 에이전트 완료
2026-03-19 12:09:07 ⚖️ 리스크 에이전트 완료
2026-03-19 12:09:18 🤖 트레이더 결정: 🔴 숏 진입 | 신뢰도: 72%
2026-03-19 12:09:18 ⚠️ 중복 진입 방지: BTCUSDT 이미 포지션 존재 (SHORT)
2026-03-19 12:19:52 🔍 ETHUSDT 분석 시작 (15m + 1h)...
2026-03-19 12:19:52 🤖 PPO 신호: 🔴 숏
2026-03-19 12:19:53 💰 펀딩비: +0.0055%
2026-03-19 12:19:53 📡 데이터 수집 완료 | 컨플루언스: ⚪ 혼조 (신호 불일치)
2026-03-19 12:20:34 📊 분석가 완료
2026-03-19 12:20:34 📰 뉴스 에이전트 완료
2026-03-19 12:21:16 ⚖️ 리스크 에이전트 완료
2026-03-19 12:21:27 🤖 트레이더 결정: ⚪ 관망 | 신뢰도: 38%
2026-03-19 12:21:27 ⚠️ 중복 진입 방지: ETHUSDT 이미 포지션 존재 (SHORT)
2026-03-19 12:21:27 🔍 BTCUSDT 분석 시작 (15m + 1h)...
2026-03-19 12:21:28 💰 펀딩비: +0.0100%
2026-03-19 12:21:28 📡 데이터 수집 완료 | 컨플루언스: ⚪ 혼조 (신호 불일치)
2026-03-19 12:22:17 📊 분석가 완료
2026-03-19 12:22:17 📰 뉴스 에이전트 완료
2026-03-19 12:23:08 ⚖️ 리스크 에이전트 완료
2026-03-19 12:23:22 🤖 트레이더 결정: ⚪ 관망 | 신뢰도: 61%
2026-03-19 12:23:22 ⚠️ 중복 진입 방지: BTCUSDT 이미 포지션 존재 (SHORT)
2026-03-19 12:33:52 📋 ETHUSDT SL/TP 자동 청산 감지: PnL $+1.0282
2026-03-19 12:33:52 🔍 ETHUSDT 분석 시작 (15m + 1h)...
2026-03-19 12:33:53 🤖 PPO 신호: 🔴 숏
2026-03-19 12:33:53 💰 펀딩비: -0.0011%
2026-03-19 12:33:53 📡 데이터 수집 완료 | 컨플루언스: 🟢 상승 컨플루언스
2026-03-19 12:34:32 📊 분석가 완료
2026-03-19 12:34:32 📰 뉴스 에이전트 완료
2026-03-19 12:35:18 ⚖️ 리스크 에이전트 완료
2026-03-19 12:35:32 🤖 트레이더 결정: ⚪ 관망 | 신뢰도: 22%
2026-03-19 12:35:32 ⏸ 진입 보류 (신뢰도:30% | 정각/:30 아님)
2026-03-19 12:35:32 🔍 BTCUSDT 분석 시작 (15m + 1h)...
2026-03-19 12:35:33 💰 펀딩비: +0.0035%
2026-03-19 12:35:33 📡 데이터 수집 완료 | 컨플루언스: ⚪ 혼조 (신호 불일치)
2026-03-19 12:36:13 📊 분석가 완료
2026-03-19 12:36:13 📰 뉴스 에이전트 완료
2026-03-19 12:36:44 ⚖️ 리스크 에이전트 완료
2026-03-19 12:36:55 🤖 트레이더 결정: ⚪ 관망 | 신뢰도: 32%
2026-03-19 12:36:55 ⚠️ 중복 진입 방지: BTCUSDT 이미 포지션 존재 (SHORT)
2026-03-19 12:47:52 🔍 ETHUSDT 분석 시작 (15m + 1h)...
2026-03-19 12:47:53 🤖 PPO 신호: 🔴 숏
2026-03-19 12:47:53 💰 펀딩비: +0.0015%
2026-03-19 12:47:53 📡 데이터 수집 완료 | 컨플루언스: ⚪ 혼조 (신호 불일치)
2026-03-19 12:48:39 📊 분석가 완료
2026-03-19 12:48:39 📰 뉴스 에이전트 완료
2026-03-19 12:49:12 ⚖️ 리스크 에이전트 완료
2026-03-19 12:49:25 🤖 트레이더 결정: ⚪ 관망 | 신뢰도: 35%
2026-03-19 12:49:25 ⏸ 진입 보류 (신뢰도:30% | 정각/:30 아님)
2026-03-19 12:49:25 🔍 BTCUSDT 분석 시작 (15m + 1h)...
2026-03-19 12:49:25 💰 펀딩비: +0.0062%
2026-03-19 12:49:25 📡 데이터 수집 완료 | 컨플루언스: ⚪ 혼조 (신호 불일치)
2026-03-19 12:50:21 📊 분석가 완료
2026-03-19 12:50:21 📰 뉴스 에이전트 완료
2026-03-19 12:50:59 ⚖️ 리스크 에이전트 완료
2026-03-19 12:51:09 🤖 트레이더 결정: ⚪ 관망 | 신뢰도: 32%
2026-03-19 12:51:10 ⚠️ 중복 진입 방지: BTCUSDT 이미 포지션 존재 (SHORT)
2026-03-19 13:01:52 🔍 ETHUSDT 분석 시작 (15m + 1h)...
2026-03-19 13:01:52 🤖 PPO 신호: 🔴 숏
2026-03-19 13:01:53 💰 펀딩비: +0.0010%
2026-03-19 13:01:53 📡 데이터 수집 완료 | 컨플루언스: ⚪ 혼조 (신호 불일치)
2026-03-19 13:02:59 📊 분석가 완료
2026-03-19 13:02:59 📰 뉴스 에이전트 완료
2026-03-19 13:03:29 ⚖️ 리스크 에이전트 완료
2026-03-19 13:03:43 🤖 트레이더 결정: ⚪ 관망 | 신뢰도: 42%
2026-03-19 13:03:44 ⏸ 진입 보류 (신뢰도:30% | 정각/:30 아님)
2026-03-19 13:03:44 🔍 BTCUSDT 분석 시작 (15m + 1h)...
2026-03-19 13:03:44 💰 펀딩비: +0.0060%
2026-03-19 13:03:44 📡 데이터 수집 완료 | 컨플루언스: ⚪ 혼조 (신호 불일치)
2026-03-19 13:04:27 📊 분석가 완료
2026-03-19 13:04:27 📰 뉴스 에이전트 완료
2026-03-19 13:05:06 ⚖️ 리스크 에이전트 완료
2026-03-19 13:05:18 🤖 트레이더 결정: ⚪ 관망 | 신뢰도: 28%
2026-03-19 13:05:18 ⚠️ 중복 진입 방지: BTCUSDT 이미 포지션 존재 (SHORT)
2026-03-19 13:15:52 🔍 ETHUSDT 분석 시작 (15m + 1h)...
2026-03-19 13:15:52 🤖 PPO 신호: 🔴 숏
2026-03-19 13:15:53 💰 펀딩비: +0.0030%
2026-03-19 13:15:53 📡 데이터 수집 완료 | 컨플루언스: ⚪ 혼조 (신호 불일치)
2026-03-19 13:16:27 📊 분석가 완료
2026-03-19 13:16:27 📰 뉴스 에이전트 완료
2026-03-19 13:17:12 ⚖️ 리스크 에이전트 완료
2026-03-19 13:17:23 🤖 트레이더 결정: ⚪ 관망 | 신뢰도: 52%
2026-03-19 13:17:24 ⏸ 진입 보류 (신뢰도:30% | 정각/:30 아님)
2026-03-19 13:17:24 🔍 BTCUSDT 분석 시작 (15m + 1h)...
2026-03-19 13:17:24 💰 펀딩비: +0.0100%
2026-03-19 13:17:24 📡 데이터 수집 완료 | 컨플루언스: 🔴 하락 컨플루언스
2026-03-19 13:18:11 📊 분석가 완료
2026-03-19 13:18:11 📰 뉴스 에이전트 완료
2026-03-19 13:19:06 ⚖️ 리스크 에이전트 완료
2026-03-19 13:19:19 🤖 트레이더 결정: ⚪ 관망 | 신뢰도: 38%
2026-03-19 13:19:19 ⚠️ 중복 진입 방지: BTCUSDT 이미 포지션 존재 (SHORT)
2026-03-19 13:29:52 🔍 ETHUSDT 분석 시작 (15m + 1h)...
2026-03-19 13:29:52 🤖 PPO 신호: 🔴 숏
2026-03-19 13:29:53 💰 펀딩비: +0.0045%
2026-03-19 13:29:53 📡 데이터 수집 완료 | 컨플루언스: ⚪ 혼조 (신호 불일치)
2026-03-19 13:30:35 📊 분석가 완료
2026-03-19 13:30:35 📰 뉴스 에이전트 완료
2026-03-19 13:31:17 ⚖️ 리스크 에이전트 완료
2026-03-19 13:31:29 🤖 트레이더 결정: ⚪ 관망 | 신뢰도: 28%
2026-03-19 13:31:30 ⏸ 진입 보류 (신뢰도:30% | 정각/:30 아님)
2026-03-19 13:31:30 🔍 BTCUSDT 분석 시작 (15m + 1h)...
2026-03-19 13:31:30 💰 펀딩비: +0.0100%
2026-03-19 13:31:30 📡 데이터 수집 완료 | 컨플루언스: 🔴 하락 컨플루언스
2026-03-19 13:32:20 📊 분석가 완료
2026-03-19 13:32:20 📰 뉴스 에이전트 완료
2026-03-19 13:33:01 ⚖️ 리스크 에이전트 완료
2026-03-19 13:33:28 🤖 트레이더 결정: ⚪ 관망 | 신뢰도: 63%
2026-03-19 13:33:28 ⚠️ 중복 진입 방지: BTCUSDT 이미 포지션 존재 (SHORT)
2026-03-19 13:43:52 🔍 ETHUSDT 분석 시작 (15m + 1h)...
2026-03-19 13:43:53 🤖 PPO 신호: 🔴 숏
2026-03-19 13:43:53 💰 펀딩비: +0.0055%
2026-03-19 13:43:53 📡 데이터 수집 완료 | 컨플루언스: 🔴 하락 컨플루언스
2026-03-19 13:44:35 📊 분석가 완료
2026-03-19 13:44:35 📰 뉴스 에이전트 완료
2026-03-19 13:45:02 ⚖️ 리스크 에이전트 완료
2026-03-19 13:45:15 🤖 트레이더 결정: ⚪ 관망 | 신뢰도: 38%
2026-03-19 13:45:15 ⏸ 진입 보류 (신뢰도:30% | 정각/:30 아님)
2026-03-19 13:45:15 🔍 BTCUSDT 분석 시작 (15m + 1h)...
2026-03-19 13:45:15 💰 펀딩비: +0.0100%
2026-03-19 13:45:15 📡 데이터 수집 완료 | 컨플루언스: 🔴 하락 컨플루언스
2026-03-19 13:45:53 📊 분석가 완료
2026-03-19 13:45:53 📰 뉴스 에이전트 완료
2026-03-19 13:46:29 ⚖️ 리스크 에이전트 완료
2026-03-19 13:47:05 🤖 트레이더 결정: 🔴 숏 진입 | 신뢰도: 62%
2026-03-19 13:47:06 ⚠️ 중복 진입 방지: BTCUSDT 이미 포지션 존재 (SHORT)
2026-03-19 13:57:52 🔍 ETHUSDT 분석 시작 (15m + 1h)...
2026-03-19 13:57:53 🤖 PPO 신호: 🔴 숏
2026-03-19 13:57:53 💰 펀딩비: +0.0062%
2026-03-19 13:57:53 📡 데이터 수집 완료 | 컨플루언스: 🔴 하락 컨플루언스
2026-03-19 13:58:32 📊 분석가 완료
2026-03-19 13:58:32 📰 뉴스 에이전트 완료
2026-03-19 13:59:05 ⚖️ 리스크 에이전트 완료
2026-03-19 13:59:16 🤖 트레이더 결정: ⚪ 관망 | 신뢰도: 32%
2026-03-19 13:59:16 ⏸ 진입 보류 (신뢰도:30% | 정각/:30 아님)
2026-03-19 13:59:16 🔍 BTCUSDT 분석 시작 (15m + 1h)...
2026-03-19 13:59:17 💰 펀딩비: +0.0100%
2026-03-19 13:59:17 📡 데이터 수집 완료 | 컨플루언스: 🔴 하락 컨플루언스
2026-03-19 14:00:01 📊 분석가 완료
2026-03-19 14:00:01 📰 뉴스 에이전트 완료
2026-03-19 14:00:43 ⚖️ 리스크 에이전트 완료
2026-03-19 14:00:58 🤖 트레이더 결정: ⚪ 관망 | 신뢰도: 52%
2026-03-19 14:00:59 ⚠️ 중복 진입 방지: BTCUSDT 이미 포지션 존재 (SHORT)
2026-03-19 14:11:04 🔍 ETHUSDT 분석 시작 (15m + 1h)...
2026-03-19 14:11:05 🤖 PPO 신호: 🔴 숏
2026-03-19 14:11:05 💰 펀딩비: +0.0073%
2026-03-19 14:11:05 📡 데이터 수집 완료 | 컨플루언스: 🔴 하락 컨플루언스
2026-03-19 14:11:52 📊 분석가 완료
2026-03-19 14:11:52 📰 뉴스 에이전트 완료
2026-03-19 14:12:29 ⚖️ 리스크 에이전트 완료
2026-03-19 14:12:39 🤖 트레이더 결정: ⚪ 관망 | 신뢰도: 52%
2026-03-19 14:12:40 ⏸ 진입 보류 (신뢰도:30% | 정각/:30 아님)
2026-03-19 14:12:40 🔍 BTCUSDT 분석 시작 (15m + 1h)...
2026-03-19 14:12:40 💰 펀딩비: +0.0100%
2026-03-19 14:12:40 📡 데이터 수집 완료 | 컨플루언스: 🔴 하락 컨플루언스
2026-03-19 14:13:22 📊 분석가 완료
2026-03-19 14:13:22 📰 뉴스 에이전트 완료
2026-03-19 14:14:00 ⚖️ 리스크 에이전트 완료
2026-03-19 14:14:10 🤖 트레이더 결정: ⚪ 관망 | 신뢰도: 32%
2026-03-19 14:14:11 ⚠️ 중복 진입 방지: BTCUSDT 이미 포지션 존재 (SHORT)
2026-03-19 14:24:16 🔍 ETHUSDT 분석 시작 (15m + 1h)...
2026-03-19 14:24:17 🤖 PPO 신호: 🔴 숏
2026-03-19 14:24:17 💰 펀딩비: +0.0065%
2026-03-19 14:24:17 📡 데이터 수집 완료 | 컨플루언스: 🔴 하락 컨플루언스
2026-03-19 14:25:08 📊 분석가 완료
2026-03-19 14:25:08 📰 뉴스 에이전트 완료
2026-03-19 14:25:55 ⚖️ 리스크 에이전트 완료
2026-03-19 14:26:07 🤖 트레이더 결정: ⚪ 관망 | 신뢰도: 38%
2026-03-19 14:26:08 ⏸ 진입 보류 (신뢰도:30% | 정각/:30 아님)
2026-03-19 14:26:08 🔍 BTCUSDT 분석 시작 (15m + 1h)...
2026-03-19 14:26:08 💰 펀딩비: +0.0100%
2026-03-19 14:26:08 📡 데이터 수집 완료 | 컨플루언스: 🔴 하락 컨플루언스
2026-03-19 14:26:51 📊 분석가 완료
2026-03-19 14:26:51 📰 뉴스 에이전트 완료
2026-03-19 14:27:42 ⚖️ 리스크 에이전트 완료
2026-03-19 14:27:54 🤖 트레이더 결정: ⚪ 관망 | 신뢰도: 51%
2026-03-19 14:27:55 ⚠️ 중복 진입 방지: BTCUSDT 이미 포지션 존재 (SHORT)
2026-03-19 14:38:00 🔍 ETHUSDT 분석 시작 (15m + 1h)...
2026-03-19 14:38:01 🤖 PPO 신호: 🔴 숏
2026-03-19 14:38:01 💰 펀딩비: +0.0076%
2026-03-19 14:38:01 📡 데이터 수집 완료 | 컨플루언스: 🔴 하락 컨플루언스
2026-03-19 14:38:44 📊 분석가 완료
2026-03-19 14:38:44 📰 뉴스 에이전트 완료
2026-03-19 14:39:16 ⚖️ 리스크 에이전트 완료
2026-03-19 14:39:28 🤖 트레이더 결정: ⚪ 관망 | 신뢰도: 52%
2026-03-19 14:39:28 ⏸ 진입 보류 (신뢰도:30% | 정각/:30 아님)
2026-03-19 14:39:28 🔍 BTCUSDT 분석 시작 (15m + 1h)...
2026-03-19 14:39:29 💰 펀딩비: +0.0100%
2026-03-19 14:39:29 📡 데이터 수집 완료 | 컨플루언스: 🔴 하락 컨플루언스
2026-03-19 14:40:15 📊 분석가 완료
2026-03-19 14:40:15 📰 뉴스 에이전트 완료
2026-03-19 14:40:56 ⚖️ 리스크 에이전트 완료
2026-03-19 14:41:13 🤖 트레이더 결정: ⚪ 관망 | 신뢰도: 72%
2026-03-19 14:41:13 ⚠️ 중복 진입 방지: BTCUSDT 이미 포지션 존재 (SHORT)
2026-03-19 14:51:52 🔍 ETHUSDT 분석 시작 (15m + 1h)...
2026-03-19 14:51:53 🤖 PPO 신호: 🔴 숏
2026-03-19 14:51:53 💰 펀딩비: +0.0080%
2026-03-19 14:51:53 📡 데이터 수집 완료 | 컨플루언스: 🔴 하락 컨플루언스
2026-03-19 14:52:42 📊 분석가 완료
2026-03-19 14:52:42 📰 뉴스 에이전트 완료
2026-03-19 14:53:14 ⚖️ 리스크 에이전트 완료
2026-03-19 14:53:26 🤖 트레이더 결정: ⚪ 관망 | 신뢰도: 38%
2026-03-19 14:53:26 ⏸ 진입 보류 (신뢰도:30% | 정각/:30 아님)
2026-03-19 14:53:26 🔍 BTCUSDT 분석 시작 (15m + 1h)...
2026-03-19 14:53:27 💰 펀딩비: +0.0100%
2026-03-19 14:53:27 📡 데이터 수집 완료 | 컨플루언스: 🔴 하락 컨플루언스
2026-03-19 14:54:14 📊 분석가 완료
2026-03-19 14:54:14 📰 뉴스 에이전트 완료
2026-03-19 14:54:54 ⚖️ 리스크 에이전트 완료
2026-03-19 14:55:11 🤖 트레이더 결정: 🔴 숏 진입 | 신뢰도: 62%
2026-03-19 14:55:11 ⚠️ 중복 진입 방지: BTCUSDT 이미 포지션 존재 (SHORT)
2026-03-19 15:05:52 🔍 ETHUSDT 분석 시작 (15m + 1h)...
2026-03-19 15:05:53 🤖 PPO 신호: 🔴 숏
2026-03-19 15:05:54 💰 펀딩비: +0.0078%
2026-03-19 15:05:54 📡 데이터 수집 완료 | 컨플루언스: 🔴 하락 컨플루언스
2026-03-19 15:06:42 📊 분석가 완료
2026-03-19 15:06:42 📰 뉴스 에이전트 완료
2026-03-19 15:07:23 ⚖️ 리스크 에이전트 완료
2026-03-19 15:07:34 🤖 트레이더 결정: 🔴 숏 진입 | 신뢰도: 62%
2026-03-19 15:07:35 ✅ 진입 조건 충족 (신뢰도:96% | 시각:7분)
2026-03-19 15:07:35 💼 진입 금액: $100 (잔고 20%)
2026-03-19 15:07:35 📐 트레이더 JSON SL:$2196.7 / TP:$2162.5
2026-03-19 15:07:36 ✅ 숏 주문 실행: ETHUSDT 0.137 @ $2184.4
2026-03-19 15:07:36 🔍 BTCUSDT 분석 시작 (15m + 1h)...
2026-03-19 15:07:37 💰 펀딩비: +0.0100%
2026-03-19 15:07:37 📡 데이터 수집 완료 | 컨플루언스: 🔴 하락 컨플루언스
2026-03-19 15:08:16 📊 분석가 완료
2026-03-19 15:08:16 📰 뉴스 에이전트 완료
2026-03-19 15:08:53 ⚖️ 리스크 에이전트 완료
2026-03-19 15:09:04 🤖 트레이더 결정: ⚪ 관망 | 신뢰도: 42%
2026-03-19 15:09:04 ⚠️ 중복 진입 방지: BTCUSDT 이미 포지션 존재 (SHORT)
2026-03-19 15:19:52 🔍 ETHUSDT 분석 시작 (15m + 1h)...
2026-03-19 15:19:53 🤖 PPO 신호: 🔴 숏
2026-03-19 15:19:53 💰 펀딩비: +0.0081%
2026-03-19 15:19:53 📡 데이터 수집 완료 | 컨플루언스: 🔴 하락 컨플루언스
2026-03-19 15:20:31 📊 분석가 완료
2026-03-19 15:20:31 📰 뉴스 에이전트 완료
2026-03-19 15:21:18 ⚖️ 리스크 에이전트 완료
2026-03-19 15:21:29 🤖 트레이더 결정: ⚪ 관망 | 신뢰도: 56%
2026-03-19 15:21:29 ⚠️ 중복 진입 방지: ETHUSDT 이미 포지션 존재 (SHORT)
2026-03-19 15:21:29 🔍 BTCUSDT 분석 시작 (15m + 1h)...
2026-03-19 15:21:30 💰 펀딩비: +0.0100%
2026-03-19 15:21:30 📡 데이터 수집 완료 | 컨플루언스: 🔴 하락 컨플루언스
2026-03-19 15:22:10 📊 분석가 완료
2026-03-19 15:22:10 📰 뉴스 에이전트 완료
2026-03-19 15:23:18 ⚖️ 리스크 에이전트 완료
2026-03-19 15:23:30 🤖 트레이더 결정: 🔴 숏 진입 | 신뢰도: 58%
2026-03-19 15:23:31 ⚠️ 중복 진입 방지: BTCUSDT 이미 포지션 존재 (SHORT)
2026-03-19 15:33:52 🔍 ETHUSDT 분석 시작 (15m + 1h)...
2026-03-19 15:33:53 🤖 PPO 신호: 🔴 숏
2026-03-19 15:33:53 💰 펀딩비: +0.0087%
2026-03-19 15:33:53 📡 데이터 수집 완료 | 컨플루언스: 🔴 하락 컨플루언스
2026-03-19 15:34:40 📊 분석가 완료
2026-03-19 15:34:40 📰 뉴스 에이전트 완료
2026-03-19 15:35:10 ⚖️ 리스크 에이전트 완료
2026-03-19 15:35:21 🤖 트레이더 결정: ⚪ 관망 | 신뢰도: 62%
2026-03-19 15:35:22 ⚠️ 중복 진입 방지: ETHUSDT 이미 포지션 존재 (SHORT)
2026-03-19 15:35:22 🔍 BTCUSDT 분석 시작 (15m + 1h)...
2026-03-19 15:35:22 💰 펀딩비: +0.0100%
2026-03-19 15:35:22 📡 데이터 수집 완료 | 컨플루언스: 🔴 하락 컨플루언스
2026-03-19 15:36:04 📊 분석가 완료
2026-03-19 15:36:04 📰 뉴스 에이전트 완료
2026-03-19 15:36:47 ⚖️ 리스크 에이전트 완료
2026-03-19 15:36:59 🤖 트레이더 결정: ⚪ 관망 | 신뢰도: 42%
2026-03-19 15:36:59 ⚠️ 중복 진입 방지: BTCUSDT 이미 포지션 존재 (SHORT)
2026-03-19 15:47:52 🔍 ETHUSDT 분석 시작 (15m + 1h)...
2026-03-19 15:47:52 🤖 PPO 신호: 🔴 숏
2026-03-19 15:47:53 💰 펀딩비: +0.0092%
2026-03-19 15:47:53 📡 데이터 수집 완료 | 컨플루언스: 🔴 하락 컨플루언스
2026-03-19 15:48:31 📊 분석가 완료
2026-03-19 15:48:31 📰 뉴스 에이전트 완료
2026-03-19 15:49:22 ⚖️ 리스크 에이전트 완료
2026-03-19 15:49:55 🤖 트레이더 결정: ⚪ 관망 | 신뢰도: 62%
2026-03-19 15:49:55 ⚠️ 중복 진입 방지: ETHUSDT 이미 포지션 존재 (SHORT)
2026-03-19 15:49:55 🔍 BTCUSDT 분석 시작 (15m + 1h)...
2026-03-19 15:49:56 💰 펀딩비: +0.0100%
2026-03-19 15:49:56 📡 데이터 수집 완료 | 컨플루언스: 🔴 하락 컨플루언스
2026-03-19 15:50:48 📊 분석가 완료
2026-03-19 15:50:48 📰 뉴스 에이전트 완료
2026-03-19 15:51:36 ⚖️ 리스크 에이전트 완료
2026-03-19 15:51:54 🤖 트레이더 결정: ⚪ 관망 | 신뢰도: 52%
2026-03-19 15:51:55 ⚠️ 중복 진입 방지: BTCUSDT 이미 포지션 존재 (SHORT)
2026-03-19 16:02:52 🔍 ETHUSDT 분석 시작 (15m + 1h)...
2026-03-19 16:02:53 🤖 PPO 신호: 🔴 숏
2026-03-19 16:02:53 💰 펀딩비: +0.0100%
2026-03-19 16:02:53 📡 데이터 수집 완료 | 컨플루언스: 🔴 하락 컨플루언스
2026-03-19 16:03:40 📊 분석가 완료
2026-03-19 16:03:40 📰 뉴스 에이전트 완료
2026-03-19 16:04:36 ⚖️ 리스크 에이전트 완료
2026-03-19 16:04:48 🤖 트레이더 결정: 🔴 숏 진입 | 신뢰도: 62%
2026-03-19 16:04:49 ⚠️ 중복 진입 방지: ETHUSDT 이미 포지션 존재 (SHORT)
2026-03-19 16:04:49 🔍 BTCUSDT 분석 시작 (15m + 1h)...
2026-03-19 16:04:49 💰 펀딩비: +0.0100%
2026-03-19 16:04:49 📡 데이터 수집 완료 | 컨플루언스: 🔴 하락 컨플루언스
2026-03-19 16:05:31 📊 분석가 완료
2026-03-19 16:05:31 📰 뉴스 에이전트 완료
2026-03-19 16:06:11 ⚖️ 리스크 에이전트 완료
2026-03-19 16:06:22 🤖 트레이더 결정: ⚪ 관망 | 신뢰도: 38%
2026-03-19 16:06:22 ⚠️ 중복 진입 방지: BTCUSDT 이미 포지션 존재 (SHORT)
2026-03-19 16:16:52 📋 ETHUSDT SL/TP 자동 청산 감지: PnL $-0.0096
2026-03-19 16:16:52 📋 BTCUSDT SL/TP 자동 청산 감지: PnL $+3.1624
2026-03-19 16:16:52 🔍 ETHUSDT 분석 시작 (15m + 1h)...
2026-03-19 16:16:53 🤖 PPO 신호: 🔴 숏
2026-03-19 16:16:53 💰 펀딩비: +0.0100%
2026-03-19 16:16:53 📡 데이터 수집 완료 | 컨플루언스: 🔴 하락 컨플루언스
2026-03-19 16:17:46 📊 분석가 완료
2026-03-19 16:17:46 📰 뉴스 에이전트 완료
2026-03-19 16:18:35 ⚖️ 리스크 에이전트 완료
2026-03-19 16:18:47 🤖 트레이더 결정: ⚪ 관망 | 신뢰도: 42%
2026-03-19 16:18:48 ⏸ 진입 보류 (신뢰도:30% | 정각/:30 아님)
2026-03-19 16:18:48 🔍 BTCUSDT 분석 시작 (15m + 1h)...
2026-03-19 16:18:48 💰 펀딩비: +0.0100%
2026-03-19 16:18:48 📡 데이터 수집 완료 | 컨플루언스: 🔴 하락 컨플루언스
2026-03-19 16:19:35 📊 분석가 완료
2026-03-19 16:19:35 📰 뉴스 에이전트 완료
2026-03-19 16:20:22 ⚖️ 리스크 에이전트 완료
2026-03-19 16:20:55 🤖 트레이더 결정: ⚪ 관망 | 신뢰도: 55%
2026-03-19 16:20:55 ⏸ 진입 보류 (신뢰도:30% | 정각/:30 아님)
2026-03-19 16:31:52 🔍 ETHUSDT 분석 시작 (15m + 1h)...
2026-03-19 16:31:52 🤖 PPO 신호: 🟢 롱
2026-03-19 16:31:53 💰 펀딩비: +0.0100%
2026-03-19 16:31:53 📡 데이터 수집 완료 | 컨플루언스: 🔴 하락 컨플루언스
2026-03-19 16:32:33 📊 분석가 완료
2026-03-19 16:32:33 📰 뉴스 에이전트 완료
2026-03-19 16:33:10 ⚖️ 리스크 에이전트 완료
2026-03-19 16:33:30 🤖 트레이더 결정: ⚪ 관망 | 신뢰도: 38%
2026-03-19 16:33:30 ⏸ 진입 보류 (신뢰도:30% | 정각/:30 아님)
2026-03-19 16:33:30 🔍 BTCUSDT 분석 시작 (15m + 1h)...
2026-03-19 16:33:30 💰 펀딩비: +0.0100%
2026-03-19 16:33:30 📡 데이터 수집 완료 | 컨플루언스: 🔴 하락 컨플루언스
2026-03-19 16:34:10 📊 분석가 완료
2026-03-19 16:34:10 📰 뉴스 에이전트 완료
2026-03-19 16:34:48 ⚖️ 리스크 에이전트 완료
2026-03-19 16:35:13 🤖 트레이더 결정: ⚪ 관망 | 신뢰도: 62%
2026-03-19 16:35:14 ⏸ 진입 보류 (신뢰도:30% | 정각/:30 아님)
2026-03-19 16:45:52 🔍 ETHUSDT 분석 시작 (15m + 1h)...
2026-03-19 16:45:53 🤖 PPO 신호: 🔴 숏
2026-03-19 16:45:53 💰 펀딩비: +0.0099%
2026-03-19 16:45:53 📡 데이터 수집 완료 | 컨플루언스: 🔴 하락 컨플루언스
2026-03-19 16:46:29 📊 분석가 완료
2026-03-19 16:46:29 📰 뉴스 에이전트 완료
2026-03-19 16:47:14 ⚖️ 리스크 에이전트 완료
2026-03-19 16:47:28 🤖 트레이더 결정: ⚪ 관망 | 신뢰도: 42%
2026-03-19 16:47:29 ⏸ 진입 보류 (신뢰도:30% | 정각/:30 아님)
2026-03-19 16:47:29 🔍 BTCUSDT 분석 시작 (15m + 1h)...
2026-03-19 16:47:29 💰 펀딩비: +0.0100%
2026-03-19 16:47:29 📡 데이터 수집 완료 | 컨플루언스: 🔴 하락 컨플루언스
2026-03-19 16:48:06 📊 분석가 완료
2026-03-19 16:48:06 📰 뉴스 에이전트 완료
2026-03-19 16:48:48 ⚖️ 리스크 에이전트 완료
2026-03-19 16:49:01 🤖 트레이더 결정: 🔴 숏 진입 | 신뢰도: 62%
2026-03-19 16:49:01 ✅ 진입 조건 충족 (신뢰도:100% | 시각:49분)
2026-03-19 16:49:01 💼 진입 금액: $100 (잔고 20%)
2026-03-19 16:49:01 📐 트레이더 JSON SL:$70365 / TP:$69259
2026-03-19 16:49:02 ✅ 숏 주문 실행: BTCUSDT 0.004 @ $69996.0
2026-03-19 16:59:52 🔍 ETHUSDT 분석 시작 (15m + 1h)...
2026-03-19 16:59:53 🤖 PPO 신호: 🔴 숏
2026-03-19 16:59:53 💰 펀딩비: +0.0073%
2026-03-19 16:59:53 📡 데이터 수집 완료 | 컨플루언스: 🔴 하락 컨플루언스
2026-03-19 17:00:31 📊 분석가 완료
2026-03-19 17:00:31 📰 뉴스 에이전트 완료
2026-03-19 17:01:11 ⚖️ 리스크 에이전트 완료
2026-03-19 17:01:35 🤖 트레이더 결정: ⚪ 관망 | 신뢰도: 48%
2026-03-19 17:01:36 ⏸ 진입 보류 (신뢰도:30% | 정각/:30 아님)
2026-03-19 17:01:36 🔍 BTCUSDT 분석 시작 (15m + 1h)...
2026-03-19 17:01:36 💰 펀딩비: +0.0100%
2026-03-19 17:01:36 📡 데이터 수집 완료 | 컨플루언스: 🔴 하락 컨플루언스
2026-03-19 17:02:14 📊 분석가 완료
2026-03-19 17:02:14 📰 뉴스 에이전트 완료
2026-03-19 17:02:52 ⚖️ 리스크 에이전트 완료
2026-03-19 17:03:04 🤖 트레이더 결정: ⚪ 관망 | 신뢰도: 57%
2026-03-19 17:03:04 ⚠️ 중복 진입 방지: BTCUSDT 이미 포지션 존재 (SHORT)
2026-03-19 17:09:41 🔍 ETHUSDT 분석 시작 (15m + 1h)...
2026-03-19 17:09:44 🤖 PPO 신호: 🟢 롱
2026-03-19 17:09:44 💰 펀딩비: +0.0100%
2026-03-19 17:09:44 📡 데이터 수집 완료 | 컨플루언스: 🔴 하락 컨플루언스
2026-03-19 17:10:46 📊 분석가 완료
2026-03-19 17:10:46 📰 뉴스 에이전트 완료
2026-03-19 17:11:16 ⚖️ 리스크 에이전트 완료
2026-03-19 17:11:55 🤖 트레이더 결정: 🔴 숏 진입 | 신뢰도: 60%
2026-03-19 17:11:55 ✅ 진입 조건 충족 (신뢰도:79% | 시각:11분)
2026-03-19 17:11:56 💼 진입 금액: $100 (잔고 20%)
2026-03-19 17:11:56 📐 트레이더 JSON SL:$2182.25 / TP:$2125.82
2026-03-19 17:11:57 ✅ 숏 주문 실행: ETHUSDT 0.138 @ $2166.26
2026-03-19 17:11:57 🔍 BTCUSDT 분석 시작 (15m + 1h)...
2026-03-19 17:11:58 💰 펀딩비: +0.0100%
2026-03-19 17:11:58 📡 데이터 수집 완료 | 컨플루언스: 🔴 하락 컨플루언스
2026-03-19 17:12:34 📊 분석가 완료
2026-03-19 17:12:34 📰 뉴스 에이전트 완료
2026-03-19 17:13:17 ⚖️ 리스크 에이전트 완료
2026-03-19 17:13:30 🤖 트레이더 결정: 🔴 숏 진입 | 신뢰도: 58%
2026-03-19 17:13:30 ⚠️ 중복 진입 방지: BTCUSDT 이미 포지션 존재 (SHORT)
2026-03-19 17:23:52 🔍 ETHUSDT 분석 시작 (15m + 1h)...
2026-03-19 17:23:53 🤖 PPO 신호: 🔴 숏
2026-03-19 17:23:53 💰 펀딩비: +0.0099%
2026-03-19 17:23:53 📡 데이터 수집 완료 | 컨플루언스: 🔴 하락 컨플루언스
2026-03-19 17:24:32 📊 분석가 완료
2026-03-19 17:24:32 📰 뉴스 에이전트 완료
2026-03-19 17:25:13 ⚖️ 리스크 에이전트 완료
2026-03-19 17:25:26 🤖 트레이더 결정: 🔴 숏 진입 | 신뢰도: 62%
2026-03-19 17:25:26 ⚠️ 중복 진입 방지: ETHUSDT 이미 포지션 존재 (SHORT)
2026-03-19 17:25:26 🔍 BTCUSDT 분석 시작 (15m + 1h)...
2026-03-19 17:25:27 💰 펀딩비: +0.0100%
2026-03-19 17:25:27 📡 데이터 수집 완료 | 컨플루언스: 🔴 하락 컨플루언스
2026-03-19 17:26:08 📊 분석가 완료
2026-03-19 17:26:08 📰 뉴스 에이전트 완료
2026-03-19 17:26:51 ⚖️ 리스크 에이전트 완료
2026-03-19 17:27:03 🤖 트레이더 결정: 🔴 숏 진입 | 신뢰도: 68%
2026-03-19 17:27:04 ⚠️ 중복 진입 방지: BTCUSDT 이미 포지션 존재 (SHORT)
2026-03-19 17:37:33 🔍 ETHUSDT 분석 시작 (15m + 1h)...
2026-03-19 17:37:34 🤖 PPO 신호: 🟢 롱
2026-03-19 17:37:34 💰 펀딩비: +0.0100%
2026-03-19 17:37:34 📡 데이터 수집 완료 | 컨플루언스: 🔴 하락 컨플루언스
2026-03-19 17:39:09 📊 분석가 완료
2026-03-19 17:39:09 📰 뉴스 에이전트 완료
2026-03-19 17:39:44 ⚖️ 리스크 에이전트 완료
2026-03-19 17:40:12 🤖 트레이더 결정: ⚪ 관망 | 신뢰도: 61%
2026-03-19 17:40:13 ⚠️ 중복 진입 방지: ETHUSDT 이미 포지션 존재 (SHORT)
2026-03-19 17:40:13 🔍 BTCUSDT 분석 시작 (15m + 1h)...
2026-03-19 17:40:13 💰 펀딩비: +0.0100%
2026-03-19 17:40:13 📡 데이터 수집 완료 | 컨플루언스: 🔴 하락 컨플루언스
2026-03-19 17:40:50 📊 분석가 완료
2026-03-19 17:40:50 📰 뉴스 에이전트 완료
2026-03-19 17:41:25 ⚖️ 리스크 에이전트 완료
2026-03-19 17:41:48 🤖 트레이더 결정: ⚪ 관망 | 신뢰도: 52%
2026-03-19 17:41:49 ⚠️ 중복 진입 방지: BTCUSDT 이미 포지션 존재 (SHORT)
2026-03-19 17:46:12 🔍 ETHUSDT 분석 시작 (15m + 1h)...
2026-03-19 17:46:15 🤖 PPO 신호: 🟢 롱
2026-03-19 17:46:15 💰 펀딩비: +0.0100%
2026-03-19 17:46:15 📡 데이터 수집 완료 | 컨플루언스: 🔴 하락 컨플루언스
2026-03-19 17:47:12 📊 분석가 완료
2026-03-19 17:47:12 📰 뉴스 에이전트 완료
2026-03-19 17:47:46 ⚖️ 리스크 에이전트 완료
2026-03-19 17:47:58 🤖 트레이더 결정: ⚪ 관망 | 신뢰도: 38%
2026-03-19 17:47:58 ⚠️ 중복 진입 방지: ETHUSDT 이미 포지션 존재 (SHORT)
2026-03-19 17:47:58 🔍 BTCUSDT 분석 시작 (15m + 1h)...
2026-03-19 17:47:58 💰 펀딩비: +0.0100%
2026-03-19 17:47:58 📡 데이터 수집 완료 | 컨플루언스: 🔴 하락 컨플루언스
2026-03-19 17:48:36 📊 분석가 완료
2026-03-19 17:48:36 📰 뉴스 에이전트 완료
2026-03-19 17:48:52 🔍 ETHUSDT 분석 시작 (15m + 1h)...
2026-03-19 17:48:53 🤖 PPO 신호: 🟢 롱
2026-03-19 17:48:53 💰 펀딩비: +0.0100%
2026-03-19 17:48:53 📡 데이터 수집 완료 | 컨플루언스: 🔴 하락 컨플루언스
2026-03-19 17:49:47 🔍 ETHUSDT 분석 시작 (15m + 1h)...
2026-03-19 17:49:49 🤖 PPO 신호: 🟢 롱
2026-03-19 17:49:49 💰 펀딩비: +0.0100%
2026-03-19 17:49:49 📡 데이터 수집 완료 | 컨플루언스: 🔴 하락 컨플루언스
2026-03-19 17:50:39 📊 분석가 완료
2026-03-19 17:50:39 📰 뉴스 에이전트 완료
2026-03-19 17:51:12 🔥 알트 스캔 완료: 5개 후보
2026-03-19 17:51:15 🔍 ETHUSDT 분석 시작 (15m + 1h)...
2026-03-19 17:51:15 🤖 PPO 신호: 🟢 롱
2026-03-19 17:51:15 💰 펀딩비: +0.0100%
2026-03-19 17:51:15 📡 데이터 수집 완료 | 컨플루언스: 🔴 하락 컨플루언스
2026-03-19 17:52:09 🔍 ETHUSDT 분석 시작 (15m + 1h)...
2026-03-19 17:52:10 🤖 PPO 신호: 🟢 롱
2026-03-19 17:52:10 💰 펀딩비: +0.0100%
2026-03-19 17:52:10 📡 데이터 수집 완료 | 컨플루언스: 🔴 하락 컨플루언스
2026-03-19 17:52:52 📊 분석가 완료
2026-03-19 17:52:52 📰 뉴스 에이전트 완료
2026-03-19 17:53:44 ⚖️ 리스크 에이전트 완료
2026-03-19 17:54:08 🤖 트레이더 결정: ⚪ 관망 | 신뢰도: 72%
2026-03-19 17:54:08 ⚠️ 중복 진입 방지: ETHUSDT 이미 포지션 존재 (SHORT)
2026-03-19 17:54:08 🔍 BTCUSDT 분석 시작 (15m + 1h)...
2026-03-19 17:54:09 💰 펀딩비: +0.0100%
2026-03-19 17:54:09 📡 데이터 수집 완료 | 컨플루언스: 🔴 하락 컨플루언스
2026-03-19 17:54:53 🔍 ETHUSDT 분석 시작 (15m + 1h)...
2026-03-19 17:54:56 🤖 PPO 신호: 🟢 롱
2026-03-19 17:54:57 💰 펀딩비: +0.0100%
2026-03-19 17:54:57 📡 데이터 수집 완료 | 컨플루언스: 🔴 하락 컨플루언스
2026-03-19 17:55:37 📊 분석가 완료
2026-03-19 17:55:37 📰 뉴스 에이전트 완료
2026-03-19 17:56:04 🔍 ETHUSDT 분석 시작 (15m + 1h)...
2026-03-19 17:56:07 🤖 PPO 신호: 🟢 롱
2026-03-19 17:56:07 💰 펀딩비: +0.0100%
2026-03-19 17:56:07 📡 데이터 수집 완료 | 컨플루언스: 🔴 하락 컨플루언스
2026-03-19 17:56:48 📊 분석가 완료
2026-03-19 17:56:48 📰 뉴스 에이전트 완료
2026-03-19 17:57:29 ⚖️ 리스크 에이전트 완료
2026-03-19 17:57:40 🤖 트레이더 결정: ⚪ 관망 | 신뢰도: 38%
2026-03-19 17:57:41 ⚠️ 중복 진입 방지: ETHUSDT 이미 포지션 존재 (SHORT)
2026-03-19 17:57:41 🔍 BTCUSDT 분석 시작 (15m + 1h)...
2026-03-19 17:57:41 💰 펀딩비: +0.0100%
2026-03-19 17:57:41 📡 데이터 수집 완료 | 컨플루언스: 🔴 하락 컨플루언스
2026-03-19 17:58:20 📊 분석가 완료
2026-03-19 17:58:20 📰 뉴스 에이전트 완료
2026-03-19 17:59:05 ⚖️ 리스크 에이전트 완료
2026-03-19 17:59:27 🤖 트레이더 결정: 🔴 숏 진입 | 신뢰도: 58%
2026-03-19 17:59:28 ⚠️ 중복 진입 방지: BTCUSDT 이미 포지션 존재 (SHORT)
2026-03-19 18:01:39 🔍 ETHUSDT 분석 시작 (15m + 1h)...
2026-03-19 18:01:43 🤖 PPO 신호: 🟢 롱
2026-03-19 18:01:43 💰 펀딩비: +0.0100%
2026-03-19 18:01:43 📡 데이터 수집 완료 | 컨플루언스: 🔴 하락 컨플루언스
2026-03-19 18:02:19 📊 분석가 완료
2026-03-19 18:02:19 📰 뉴스 에이전트 완료
2026-03-19 18:02:48 📢 공지 스캔 완료: 새 공지 없음 (총 15건 확인)
2026-03-19 18:02:51 🔍 ETHUSDT 분석 시작 (15m + 1h)...
2026-03-19 18:02:51 🤖 PPO 신호: 🟢 롱
2026-03-19 18:02:52 💰 펀딩비: +0.0100%
2026-03-19 18:02:52 📡 데이터 수집 완료 | 컨플루언스: 🔴 하락 컨플루언스
2026-03-19 18:03:00 🔥 알트 스캔 완료: 5개 후보
2026-03-19 18:03:03 🔍 ETHUSDT 분석 시작 (15m + 1h)...
2026-03-19 18:03:03 🤖 PPO 신호: 🟢 롱
2026-03-19 18:03:04 💰 펀딩비: +0.0100%
2026-03-19 18:03:04 📡 데이터 수집 완료 | 컨플루언스: 🔴 하락 컨플루언스
2026-03-19 18:04:02 📊 XANUSDT 알트 분석 완료
2026-03-19 18:04:05 🔍 ETHUSDT 분석 시작 (15m + 1h)...
2026-03-19 18:04:06 🤖 PPO 신호: 🟢 롱
2026-03-19 18:04:06 💰 펀딩비: +0.0100%
2026-03-19 18:04:06 📡 데이터 수집 완료 | 컨플루언스: 🔴 하락 컨플루언스
2026-03-19 18:04:47 📊 분석가 완료
2026-03-19 18:04:47 📰 뉴스 에이전트 완료
2026-03-19 18:04:53 🔥 알트 스캔 완료: 5개 후보
2026-03-19 18:04:55 🔍 ETHUSDT 분석 시작 (15m + 1h)...
2026-03-19 18:04:56 🤖 PPO 신호: 🟢 롱
2026-03-19 18:04:56 💰 펀딩비: +0.0100%
2026-03-19 18:04:56 📡 데이터 수집 완료 | 컨플루언스: 🔴 하락 컨플루언스
2026-03-19 18:05:59 📊 분석가 완료
2026-03-19 18:05:59 📰 뉴스 에이전트 완료
2026-03-19 18:06:47 ⚖️ 리스크 에이전트 완료
2026-03-19 18:07:20 🤖 트레이더 결정: 🔴 숏 진입 | 신뢰도: 63%
2026-03-19 18:07:20 ⚠️ 중복 진입 방지: ETHUSDT 이미 포지션 존재 (SHORT)
2026-03-19 18:07:20 🔍 BTCUSDT 분석 시작 (15m + 1h)...
2026-03-19 18:07:21 💰 펀딩비: +0.0100%
2026-03-19 18:07:21 📡 데이터 수집 완료 | 컨플루언스: 🔴 하락 컨플루언스
2026-03-19 18:07:57 📊 분석가 완료
2026-03-19 18:07:57 📰 뉴스 에이전트 완료
2026-03-19 18:08:41 ⚖️ 리스크 에이전트 완료
2026-03-19 18:08:53 🤖 트레이더 결정: 🔴 숏 진입 | 신뢰도: 62%
2026-03-19 18:08:54 ⚠️ 중복 진입 방지: BTCUSDT 이미 포지션 존재 (SHORT)
2026-03-19 18:09:01 🔥 알트 스캔: XANUSDT 1위 (점수 35)
2026-03-19 18:10:46 📢 공지 스캔 완료: 새 공지 없음 (총 15건 확인)
2026-03-19 18:11:24 🔍 ETHUSDT 분석 시작 (15m + 1h)...
2026-03-19 18:11:25 🤖 PPO 신호: 🟢 롱
2026-03-19 18:11:25 💰 펀딩비: +0.0097%
2026-03-19 18:11:25 📡 데이터 수집 완료 | 컨플루언스: 🔴 하락 컨플루언스
2026-03-19 18:12:00 🔍 ETHUSDT 분석 시작 (15m + 1h)...
2026-03-19 18:12:03 🤖 PPO 신호: 🟢 롱
2026-03-19 18:12:04 💰 펀딩비: +0.0097%
2026-03-19 18:12:04 📡 데이터 수집 완료 | 컨플루언스: 🔴 하락 컨플루언스
2026-03-19 18:12:43 📊 분석가 완료
2026-03-19 18:12:43 📰 뉴스 에이전트 완료
2026-03-19 18:13:24 ⚖️ 리스크 에이전트 완료
2026-03-19 18:13:37 🤖 트레이더 결정: ⚪ 관망 | 신뢰도: 62%
2026-03-19 18:13:37 ⚠️ 중복 진입 방지: ETHUSDT 이미 포지션 존재 (SHORT)
2026-03-19 18:13:37 🔍 BTCUSDT 분석 시작 (15m + 1h)...
2026-03-19 18:13:38 💰 펀딩비: +0.0100%
2026-03-19 18:13:38 📡 데이터 수집 완료 | 컨플루언스: 🔴 하락 컨플루언스
2026-03-19 18:14:24 📊 분석가 완료
2026-03-19 18:14:24 📰 뉴스 에이전트 완료
2026-03-19 18:15:05 ⚖️ 리스크 에이전트 완료
2026-03-19 18:15:21 🤖 트레이더 결정: ⚪ 관망 | 신뢰도: 52%
2026-03-19 18:15:21 ⚠️ 중복 진입 방지: BTCUSDT 이미 포지션 존재 (SHORT)
2026-03-19 18:15:51 🔍 ETHUSDT 분석 시작 (15m + 1h)...
2026-03-19 18:15:53 🤖 PPO 신호: 🟢 롱
2026-03-19 18:15:54 💰 펀딩비: +0.0097%
2026-03-19 18:15:54 📡 데이터 수집 완료 | 컨플루언스: 🔴 하락 컨플루언스
2026-03-19 18:17:06 📊 분석가 완료
2026-03-19 18:17:06 📰 뉴스 에이전트 완료
2026-03-19 18:17:55 ⚖️ 리스크 에이전트 완료
2026-03-19 18:18:20 🤖 트레이더 결정: ⚪ 관망 | 신뢰도: 72%
2026-03-19 18:18:21 ⚠️ 중복 진입 방지: ETHUSDT 이미 포지션 존재 (SHORT)
2026-03-19 18:18:21 🔍 BTCUSDT 분석 시작 (15m + 1h)...
2026-03-19 18:18:21 💰 펀딩비: +0.0100%
2026-03-19 18:18:21 📡 데이터 수집 완료 | 컨플루언스: 🔴 하락 컨플루언스
2026-03-19 18:19:10 📊 분석가 완료
2026-03-19 18:19:10 📰 뉴스 에이전트 완료
2026-03-19 18:19:49 🔥 알트 스캔 완료: 5개 후보
2026-03-19 18:19:52 🔍 ETHUSDT 분석 시작 (15m + 1h)...
2026-03-19 18:19:52 🤖 PPO 신호: 🟢 롱
2026-03-19 18:19:53 💰 펀딩비: +0.0100%
2026-03-19 18:19:53 📡 데이터 수집 완료 | 컨플루언스: 🔴 하락 컨플루언스
2026-03-19 18:20:58 🔍 ETHUSDT 분석 시작 (15m + 1h)...
2026-03-19 18:21:03 🤖 PPO 신호: 🟢 롱
2026-03-19 18:21:03 💰 펀딩비: +0.0089%
2026-03-19 18:21:03 📡 데이터 수집 완료 | 컨플루언스: 🔴 하락 컨플루언스
2026-03-19 18:22:02 📊 분석가 완료
2026-03-19 18:22:02 📰 뉴스 에이전트 완료
2026-03-19 18:22:52 ⚖️ 리스크 에이전트 완료
2026-03-19 18:23:04 🤖 트레이더 결정: 🔴 숏 진입 | 신뢰도: 63%
2026-03-19 18:23:05 ⚠️ 중복 진입 방지: ETHUSDT 이미 포지션 존재 (SHORT)
2026-03-19 18:23:05 🔍 BTCUSDT 분석 시작 (15m + 1h)...
2026-03-19 18:23:06 💰 펀딩비: +0.0100%
2026-03-19 18:23:06 📡 데이터 수집 완료 | 컨플루언스: 🔴 하락 컨플루언스
2026-03-19 18:23:47 📊 분석가 완료
2026-03-19 18:23:47 📰 뉴스 에이전트 완료
2026-03-19 18:24:24 ⚖️ 리스크 에이전트 완료
2026-03-19 18:24:57 🤖 트레이더 결정: 🔴 숏 진입 | 신뢰도: 72%
2026-03-19 18:24:57 ⚠️ 중복 진입 방지: BTCUSDT 이미 포지션 존재 (SHORT)
2026-03-19 18:25:04 🔥 알트 스캔 완료: 5개 후보
2026-03-19 18:26:17 📊 THEUSDT 알트 분석 완료
2026-03-19 18:26:31 🔍 ETHUSDT 분석 시작 (15m + 1h)...
2026-03-19 18:26:33 🤖 PPO 신호: 🟢 롱
2026-03-19 18:26:33 💰 펀딩비: +0.0042%
2026-03-19 18:26:33 📡 데이터 수집 완료 | 컨플루언스: ⚪ 혼조 (신호 불일치)
2026-03-19 18:27:18 📊 분석가 완료
2026-03-19 18:27:18 📰 뉴스 에이전트 완료
2026-03-19 18:28:09 ⚖️ 리스크 에이전트 완료
2026-03-19 18:28:31 🤖 트레이더 결정: ⚪ 관망 | 신뢰도: 72%
2026-03-19 18:28:32 ⚠️ 중복 진입 방지: ETHUSDT 이미 포지션 존재 (SHORT)
2026-03-19 18:28:32 🔍 BTCUSDT 분석 시작 (15m + 1h)...
2026-03-19 18:28:32 💰 펀딩비: +0.0100%
2026-03-19 18:28:32 📡 데이터 수집 완료 | 컨플루언스: 🔴 하락 컨플루언스
2026-03-19 18:28:57 🔍 ETHUSDT 분석 시작 (15m + 1h)...
2026-03-19 18:28:58 🤖 PPO 신호: 🟢 롱
2026-03-19 18:28:58 💰 펀딩비: +0.0042%
2026-03-19 18:28:58 📡 데이터 수집 완료 | 컨플루언스: 🔴 하락 컨플루언스
2026-03-19 18:29:39 📊 분석가 완료
2026-03-19 18:29:39 📰 뉴스 에이전트 완료
2026-03-19 18:30:36 ⚖️ 리스크 에이전트 완료
2026-03-19 18:30:49 🤖 트레이더 결정: ⚪ 관망 | 신뢰도: 48%
2026-03-19 18:30:49 ⚠️ 중복 진입 방지: ETHUSDT 이미 포지션 존재 (SHORT)
2026-03-19 18:30:57 🔥 알트 스캔: THEUSDT 1위 (점수 72)
2026-03-19 18:31:40 🔍 ETHUSDT 분석 시작 (15m + 1h)...
2026-03-19 18:31:44 🤖 PPO 신호: 🔴 숏
2026-03-19 18:31:44 💰 펀딩비: +0.0047%
2026-03-19 18:31:44 📡 데이터 수집 완료 | 컨플루언스: ⚪ 혼조 (신호 불일치)
2026-03-19 18:32:20 📊 분석가 완료
2026-03-19 18:32:20 📰 뉴스 에이전트 완료
2026-03-19 18:33:02 ⚖️ 리스크 에이전트 완료
2026-03-19 18:33:54 🤖 트레이더 결정: ⚪ 관망 | 신뢰도: 60%
2026-03-19 18:33:55 ⚠️ 중복 진입 방지: ETHUSDT 이미 포지션 존재 (SHORT)
2026-03-19 18:33:55 🔍 BTCUSDT 분석 시작 (15m + 1h)...
2026-03-19 18:33:55 💰 펀딩비: +0.0100%
2026-03-19 18:33:55 📡 데이터 수집 완료 | 컨플루언스: 🔴 하락 컨플루언스
2026-03-19 18:34:46 📊 분석가 완료
2026-03-19 18:34:46 📰 뉴스 에이전트 완료
2026-03-19 18:35:41 🔍 ETHUSDT 분석 시작 (15m + 1h)...
2026-03-19 18:35:42 🤖 PPO 신호: 🔴 숏
2026-03-19 18:35:42 💰 펀딩비: +0.0045%
2026-03-19 18:35:42 📡 데이터 수집 완료 | 컨플루언스: ⚪ 혼조 (신호 불일치)
2026-03-19 18:36:19 📊 분석가 완료
2026-03-19 18:36:19 📰 뉴스 에이전트 완료
2026-03-19 18:37:07 ⚖️ 리스크 에이전트 완료
2026-03-19 18:37:36 🤖 트레이더 결정: ⚪ 관망 | 신뢰도: 55%
2026-03-19 18:37:36 ⚠️ 중복 진입 방지: ETHUSDT 이미 포지션 존재 (SHORT)
2026-03-19 18:37:36 🔍 BTCUSDT 분석 시작 (15m + 1h)...
2026-03-19 18:37:37 💰 펀딩비: +0.0100%
2026-03-19 18:37:37 📡 데이터 수집 완료 | 컨플루언스: 🔴 하락 컨플루언스
2026-03-19 18:38:16 📊 분석가 완료
2026-03-19 18:38:16 📰 뉴스 에이전트 완료
2026-03-19 18:38:59 ⚖️ 리스크 에이전트 완료
2026-03-19 18:39:11 🤖 트레이더 결정: ⚪ 관망 | 신뢰도: 45%
2026-03-19 18:39:12 ⚠️ 중복 진입 방지: BTCUSDT 이미 포지션 존재 (SHORT)
2026-03-19 18:39:19 🔥 알트 스캔: THEUSDT 1위 (점수 72)
2026-03-19 18:40:24 ⏸ 알트 자동 주문 보류: THEUSDT 신뢰도 25% (기준 75%)
2026-03-19 18:45:42 📋 ETHUSDT SL/TP 자동 청산 감지: PnL $-2.2315
2026-03-19 18:45:42 📋 BTCUSDT SL/TP 자동 청산 감지: PnL $-1.5744
2026-03-19 18:45:43 🔍 ETHUSDT 분석 시작 (15m + 1h)...
2026-03-19 18:45:45 🤖 PPO 신호: 🔴 숏
2026-03-19 18:45:45 💰 펀딩비: +0.0029%
2026-03-19 18:45:45 📡 데이터 수집 완료 | 컨플루언스: ⚪ 혼조 (신호 불일치)
2026-03-19 18:45:45 📰 실시간 뉴스 6건 수집
2026-03-19 18:46:21 📊 분석가 완료
2026-03-19 18:46:21 📰 뉴스 에이전트 완료
2026-03-19 18:47:20 ⚖️ 리스크 에이전트 완료
2026-03-19 18:47:32 🤖 트레이더 결정: 🔴 숏 진입 | 신뢰도: 67%
2026-03-19 18:47:33 ✅ 진입 조건 충족 (신뢰도:80% | 시각:47분)
2026-03-19 18:47:33 💼 진입 금액: $100 (잔고 20% × 신뢰도배율 100%)
2026-03-19 18:47:33 📐 트레이더 JSON SL:$2214 / TP:$2151
2026-03-19 18:47:35 ✅ 숏 주문 실행: ETHUSDT 0.137 @ $2183.0
2026-03-19 18:47:35 🔍 BTCUSDT 분석 시작 (15m + 1h)...
2026-03-19 18:47:35 💰 펀딩비: +0.0100%
2026-03-19 18:47:35 📡 데이터 수집 완료 | 컨플루언스: ⚪ 혼조 (신호 불일치)
2026-03-19 18:47:35 📰 실시간 뉴스 6건 수집
2026-03-19 18:48:06 📊 분석가 완료
2026-03-19 18:48:06 📰 뉴스 에이전트 완료
2026-03-19 18:48:49 ⚖️ 리스크 에이전트 완료
2026-03-19 18:49:33 🤖 트레이더 결정: ⚪ 관망 | 신뢰도: 52%
2026-03-19 18:49:34 ⏸ 진입 보류 (신뢰도:30% | 정각/:30 아님)
2026-03-19 18:49:36 ⚡ ETHUSDT TP/SL 청산 감지 → 즉시 재분석
2026-03-19 18:49:36 🔍 ETHUSDT 분석 시작 (15m + 1h)...
2026-03-19 18:49:37 🤖 PPO 신호: 🔴 숏
2026-03-19 18:49:37 💰 펀딩비: +0.0031%
2026-03-19 18:49:37 📡 데이터 수집 완료 | 컨플루언스: ⚪ 혼조 (신호 불일치)
2026-03-19 18:49:37 📰 실시간 뉴스 6건 수집
2026-03-19 18:50:15 📊 분석가 완료
2026-03-19 18:50:15 📰 뉴스 에이전트 완료
2026-03-19 18:51:06 ⚖️ 리스크 에이전트 완료
2026-03-19 18:51:43 🤖 트레이더 결정: 🔴 숏 진입 | 신뢰도: 65%
2026-03-19 18:51:44 ⚠️ 중복 진입 방지: ETHUSDT 이미 포지션 존재 (SHORT)
2026-03-19 18:51:44 ⚡ BTCUSDT TP/SL 청산 감지 → 즉시 재분석
2026-03-19 18:51:44 🔍 BTCUSDT 분석 시작 (15m + 1h)...
2026-03-19 18:51:44 💰 펀딩비: +0.0100%
2026-03-19 18:51:44 📡 데이터 수집 완료 | 컨플루언스: ⚪ 혼조 (신호 불일치)
2026-03-19 18:51:44 📰 실시간 뉴스 6건 수집
2026-03-19 18:52:22 📊 분석가 완료
2026-03-19 18:52:22 📰 뉴스 에이전트 완료
2026-03-19 18:53:16 ⚖️ 리스크 에이전트 완료
2026-03-19 18:53:45 🤖 트레이더 결정: ⚪ 관망 | 신뢰도: 57%
2026-03-19 18:53:46 ⏸ 진입 보류 (신뢰도:30% | 정각/:30 아님)
2026-03-19 18:53:53 🔥 알트 스캔: DEGOUSDT 1위 (점수 60)
2026-03-19 18:55:08 ⏸ 알트 자동 주문 보류: DEGOUSDT 신뢰도 35% (기준 75%)
2026-03-19 19:01:37 SL/TP 감지 오류: HTTPSConnectionPool(host='testnet.binance.vision', port=443): Max retries exceeded with url: /api/v3/ping (Caused by NameResolutionError("HTTPSConnection(host='testnet.binance.vision', port=443): Failed to resolve 'testnet.binance.vision' ([Errno 8] nodename nor servname provided, or not known)"))
2026-03-19 19:01:49 SL/TP 감지 오류: HTTPSConnectionPool(host='testnet.binance.vision', port=443): Max retries exceeded with url: /api/v3/ping (Caused by NameResolutionError("HTTPSConnection(host='testnet.binance.vision', port=443): Failed to resolve 'testnet.binance.vision' ([Errno 8] nodename nor servname provided, or not known)"))
2026-03-19 19:03:53 🔍 ETHUSDT 분석 시작 (15m + 1h)...
2026-03-19 19:03:53 🤖 PPO 신호: 🔴 숏
2026-03-19 19:03:54 💰 펀딩비: +0.0017%
2026-03-19 19:03:54 📡 데이터 수집 완료 | 컨플루언스: ⚪ 혼조 (신호 불일치)
2026-03-19 19:03:54 📰 실시간 뉴스 6건 수집
2026-03-19 19:04:32 📊 분석가 완료
2026-03-19 19:04:32 📰 뉴스 에이전트 완료
2026-03-19 19:05:17 ⚖️ 리스크 에이전트 완료
2026-03-19 19:05:32 🤖 트레이더 결정: ⚪ 관망 | 신뢰도: 52%
2026-03-19 19:05:33 ⚠️ 중복 진입 방지: ETHUSDT 이미 포지션 존재 (SHORT)
2026-03-19 19:05:33 🔍 BTCUSDT 분석 시작 (15m + 1h)...
2026-03-19 19:05:34 💰 펀딩비: +0.0100%
2026-03-19 19:05:34 📡 데이터 수집 완료 | 컨플루언스: ⚪ 혼조 (신호 불일치)
2026-03-19 19:05:34 📰 실시간 뉴스 6건 수집
2026-03-19 19:06:10 📊 분석가 완료
2026-03-19 19:06:10 📰 뉴스 에이전트 완료
2026-03-19 19:07:10 ⚖️ 리스크 에이전트 완료
2026-03-19 19:07:42 🤖 트레이더 결정: 🔴 숏 진입 | 신뢰도: 65%
2026-03-19 19:07:43 ✅ 진입 조건 충족 (신뢰도:65% | 시각:7분)
2026-03-19 19:07:43 💼 진입 금액: $100 (잔고 5% × 신뢰도배율 50%)
2026-03-19 19:07:43 📐 트레이더 JSON SL:$70787 / TP:$69441
2026-03-19 19:07:44 ✅ 숏 주문 실행: BTCUSDT 0.004 @ $70420.8
2026-03-19 19:07:59 🔥 알트 스캔: DEGOUSDT 1위 (점수 60)
2026-03-19 19:15:38 🔍 ETHUSDT 분석 시작 (15m + 1h)...
2026-03-19 19:15:42 🤖 PPO 신호: 🔴 숏
2026-03-19 19:15:43 💰 펀딩비: +0.0020%
2026-03-19 19:15:43 📊 펀딩 추이: 양수 7회 / 음수 1회 (최근 8회)
2026-03-19 19:15:43 😱 공포탐욕: 23 (Extreme Fear)
2026-03-19 19:15:43 📈 OI: 6,872,024,606 (Δ +0.00%)
2026-03-19 19:15:43 📡 데이터 수집 완료 | 컨플루언스: ⚪ 혼조 (신호 불일치)
2026-03-19 19:15:43 📰 실시간 뉴스 6건 수집
2026-03-19 19:16:02 📊 분석가 완료
2026-03-19 19:16:02 📰 뉴스 에이전트 완료
2026-03-19 19:16:54 ⚖️ 리스크 에이전트 완료
2026-03-19 19:17:26 🤖 트레이더 결정: ⚪ 관망 | 신뢰도: 33%
2026-03-19 19:17:26 ⚠️ 중복 진입 방지: ETHUSDT 이미 포지션 존재 (SHORT)
2026-03-19 19:17:26 🔍 BTCUSDT 분석 시작 (15m + 1h)...
2026-03-19 19:17:27 💰 펀딩비: +0.0100%
2026-03-19 19:17:27 📊 펀딩 추이: 양수 7회 / 음수 1회 (최근 8회)
2026-03-19 19:17:27 😱 공포탐욕: 23 (Extreme Fear)
2026-03-19 19:17:27 📈 OI: 296,323,895 (Δ +0.00%)
2026-03-19 19:17:27 📡 데이터 수집 완료 | 컨플루언스: ⚪ 혼조 (신호 불일치)
2026-03-19 19:17:27 📰 실시간 뉴스 6건 수집
2026-03-19 19:18:06 📊 분석가 완료
2026-03-19 19:18:06 📰 뉴스 에이전트 완료
2026-03-19 19:18:39 ⚖️ 리스크 에이전트 완료
2026-03-19 19:19:04 🤖 트레이더 결정: ⚪ 관망 | 신뢰도: 52%
2026-03-19 19:19:05 ⚠️ 중복 진입 방지: BTCUSDT 이미 포지션 존재 (SHORT)
2026-03-19 19:19:12 🔥 알트 스캔: PIPPINUSDT 1위 (점수 72)
2026-03-19 19:20:25 ⏸ 알트 자동 주문 보류: PIPPINUSDT 신뢰도 40% (기준 75%)
2026-03-19 19:29:54 🔍 ETHUSDT 분석 시작 (15m + 1h)...
2026-03-19 19:29:55 🤖 PPO 신호: 🔴 숏
2026-03-19 19:29:55 💰 펀딩비: +0.0020%
2026-03-19 19:29:55 📊 펀딩 추이: 양수 7회 / 음수 1회 (최근 8회)
2026-03-19 19:29:55 😱 공포탐욕: 23 (Extreme Fear)
2026-03-19 19:29:55 📈 OI: 6,872,495,556 (Δ +0.01%)
2026-03-19 19:29:55 📡 데이터 수집 완료 | 컨플루언스: ⚪ 혼조 (신호 불일치)
2026-03-19 19:29:55 📰 실시간 뉴스 6건 수집
2026-03-19 19:30:15 📊 분석가 완료
2026-03-19 19:30:15 📰 뉴스 에이전트 완료
2026-03-19 19:30:51 ⚖️ 리스크 에이전트 완료
2026-03-19 19:31:02 🤖 트레이더 결정: ⚪ 관망 | 신뢰도: 33%
2026-03-19 19:31:02 ⚠️ 중복 진입 방지: ETHUSDT 이미 포지션 존재 (SHORT)
2026-03-19 19:31:02 🔍 BTCUSDT 분석 시작 (15m + 1h)...
2026-03-19 19:31:03 💰 펀딩비: +0.0100%
2026-03-19 19:31:03 📊 펀딩 추이: 양수 7회 / 음수 1회 (최근 8회)
2026-03-19 19:31:03 😱 공포탐욕: 23 (Extreme Fear)
2026-03-19 19:31:03 📈 OI: 296,330,781 (Δ +0.00%)
2026-03-19 19:31:03 📡 데이터 수집 완료 | 컨플루언스: ⚪ 혼조 (신호 불일치)
2026-03-19 19:31:03 📰 실시간 뉴스 6건 수집
2026-03-19 19:31:25 📊 분석가 완료
2026-03-19 19:31:25 📰 뉴스 에이전트 완료
2026-03-19 19:32:01 ⚖️ 리스크 에이전트 완료
2026-03-19 19:32:17 🤖 트레이더 결정: 🔴 숏 진입 | 신뢰도: 62%
2026-03-19 19:32:18 ⚠️ 중복 진입 방지: BTCUSDT 이미 포지션 존재 (SHORT)
2026-03-19 19:32:27 🔥 알트 스캔: PIPPINUSDT 1위 (점수 60)
2026-03-19 19:42:53 🔍 ETHUSDT 분석 시작 (15m + 1h)...
2026-03-19 19:42:54 🤖 PPO 신호: 🔴 숏
2026-03-19 19:42:54 💰 펀딩비: +0.0028%
2026-03-19 19:42:54 📊 펀딩 추이: 양수 7회 / 음수 1회 (최근 8회)
2026-03-19 19:42:54 😱 공포탐욕: 23 (Extreme Fear)
2026-03-19 19:42:54 📈 OI: 6,872,930,350 (Δ +0.01%)
2026-03-19 19:42:54 📡 데이터 수집 완료 | 컨플루언스: ⚪ 혼조 (신호 불일치)
2026-03-19 19:42:54 📰 실시간 뉴스 6건 수집
2026-03-19 19:43:13 📊 분석가 완료
2026-03-19 19:43:13 📰 뉴스 에이전트 완료
2026-03-19 19:44:21 ⚖️ 리스크 에이전트 완료
2026-03-19 19:45:14 🤖 트레이더 결정: 🔴 숏 진입 | 신뢰도: 72%
2026-03-19 19:45:14 🔗 교차 필터: BTCUSDT 동방향(short) → +5pt → 100%
2026-03-19 19:45:14 ⚠️ 중복 진입 방지: ETHUSDT 이미 포지션 존재 (SHORT)
2026-03-19 19:45:14 🔍 BTCUSDT 분석 시작 (15m + 1h)...
2026-03-19 19:45:15 💰 펀딩비: +0.0100%
2026-03-19 19:45:15 📊 펀딩 추이: 양수 7회 / 음수 1회 (최근 8회)
2026-03-19 19:45:15 😱 공포탐욕: 23 (Extreme Fear)
2026-03-19 19:45:15 📈 OI: 296,358,246 (Δ +0.01%)
2026-03-19 19:45:15 📡 데이터 수집 완료 | 컨플루언스: 🔴 하락 컨플루언스
2026-03-19 19:45:15 📰 실시간 뉴스 6건 수집
2026-03-19 19:45:50 📊 분석가 완료
2026-03-19 19:45:50 📰 뉴스 에이전트 완료
2026-03-19 19:46:42 ⚖️ 리스크 에이전트 완료
2026-03-19 19:46:54 🤖 트레이더 결정: 🔴 숏 진입 | 신뢰도: 62%
2026-03-19 19:46:54 🔗 교차 필터: ETHUSDT 동방향(short) → +5pt → 100%
2026-03-19 19:46:55 ⚠️ 중복 진입 방지: BTCUSDT 이미 포지션 존재 (SHORT)
2026-03-19 19:47:02 🔥 알트 스캔: PIPPINUSDT 1위 (점수 60)
2026-03-19 19:57:54 🔍 ETHUSDT 분석 시작 (15m + 1h)...
2026-03-19 19:57:55 🤖 PPO 신호: 🔴 숏
2026-03-19 19:57:55 💰 펀딩비: +0.0020%
2026-03-19 19:57:55 📊 펀딩 추이: 양수 7회 / 음수 1회 (최근 8회)
2026-03-19 19:57:55 😱 공포탐욕: 23 (Extreme Fear)
2026-03-19 19:57:55 📈 OI: 6,873,247,583 (Δ +0.01%)
2026-03-19 19:57:55 📡 데이터 수집 완료 | 컨플루언스: 🔴 하락 컨플루언스
2026-03-19 19:57:55 📰 실시간 뉴스 6건 수집
2026-03-19 19:58:25 📊 분석가 완료
2026-03-19 19:58:25 📰 뉴스 에이전트 완료
2026-03-19 19:59:18 ⚖️ 리스크 에이전트 완료
2026-03-19 19:59:29 🤖 트레이더 결정: ⚪ 관망 | 신뢰도: 63%
2026-03-19 19:59:30 ⚠️ 중복 진입 방지: ETHUSDT 이미 포지션 존재 (SHORT)
2026-03-19 19:59:30 🔍 BTCUSDT 분석 시작 (15m + 1h)...
2026-03-19 19:59:31 💰 펀딩비: +0.0100%
2026-03-19 19:59:31 📊 펀딩 추이: 양수 7회 / 음수 1회 (최근 8회)
2026-03-19 19:59:31 😱 공포탐욕: 23 (Extreme Fear)
2026-03-19 19:59:31 📈 OI: 296,370,713 (Δ +0.00%)
2026-03-19 19:59:31 📡 데이터 수집 완료 | 컨플루언스: 🔴 하락 컨플루언스
2026-03-19 19:59:31 📰 실시간 뉴스 6건 수집
2026-03-19 19:59:49 📊 분석가 완료
2026-03-19 19:59:49 📰 뉴스 에이전트 완료
2026-03-19 20:00:24 ⚖️ 리스크 에이전트 완료
2026-03-19 20:00:36 🤖 트레이더 결정: 🔴 숏 진입 | 신뢰도: 68%
2026-03-19 20:00:38 ⚠️ 중복 진입 방지: BTCUSDT 이미 포지션 존재 (SHORT)
2026-03-19 20:00:45 🔥 알트 스캔: PIPPINUSDT 1위 (점수 60)
2026-03-19 20:10:53 🔍 ETHUSDT 분석 시작 (15m + 1h)...
2026-03-19 20:10:54 🤖 PPO 신호: 🔴 숏
2026-03-19 20:10:54 💰 펀딩비: +0.0026%
2026-03-19 20:10:54 📊 펀딩 추이: 양수 7회 / 음수 1회 (최근 8회)
2026-03-19 20:10:54 😱 공포탐욕: 23 (Extreme Fear)
2026-03-19 20:10:54 📈 OI: 6,873,606,034 (Δ +0.01%)
2026-03-19 20:10:54 📡 데이터 수집 완료 | 컨플루언스: 🔴 하락 컨플루언스
2026-03-19 20:10:54 📰 실시간 뉴스 6건 수집
2026-03-19 20:11:27 📊 분석가 완료
2026-03-19 20:11:27 📰 뉴스 에이전트 완료
2026-03-19 20:12:14 ⚖️ 리스크 에이전트 완료
2026-03-19 20:12:45 🤖 트레이더 결정: 🔴 숏 진입 | 신뢰도: 72%
2026-03-19 20:12:45 🔗 교차 필터: BTCUSDT 동방향(short) → +5pt → 100%
2026-03-19 20:12:46 ⚠️ 중복 진입 방지: ETHUSDT 이미 포지션 존재 (SHORT)
2026-03-19 20:12:46 🔍 BTCUSDT 분석 시작 (15m + 1h)...
2026-03-19 20:12:47 💰 펀딩비: +0.0100%
2026-03-19 20:12:47 📊 펀딩 추이: 양수 7회 / 음수 1회 (최근 8회)
2026-03-19 20:12:47 😱 공포탐욕: 23 (Extreme Fear)
2026-03-19 20:12:47 📈 OI: 296,377,073 (Δ +0.00%)
2026-03-19 20:12:47 📡 데이터 수집 완료 | 컨플루언스: 🔴 하락 컨플루언스
2026-03-19 20:12:47 📰 실시간 뉴스 6건 수집
2026-03-19 20:13:11 📊 분석가 완료
2026-03-19 20:13:11 📰 뉴스 에이전트 완료
2026-03-19 20:13:55 ⚖️ 리스크 에이전트 완료
2026-03-19 20:14:07 🤖 트레이더 결정: ⚪ 관망 | 신뢰도: 58%
2026-03-19 20:14:08 ⚠️ 중복 진입 방지: BTCUSDT 이미 포지션 존재 (SHORT)
2026-03-19 20:14:16 🔥 알트 스캔: THEUSDT 1위 (점수 60)
2026-03-19 20:15:40 ⏸ 알트 자동 주문 보류: THEUSDT 신뢰도 30% (기준 75%)
2026-03-19 20:16:06 🔍 ETHUSDT 분석 시작 (15m + 1h)...
2026-03-19 20:16:07 🤖 PPO 신호: 🔴 숏
2026-03-19 20:16:07 💰 펀딩비: +0.0027%
2026-03-19 20:16:07 📊 펀딩 추이: 양수 7회 / 음수 1회 (최근 8회)
2026-03-19 20:16:07 😱 공포탐욕: 23 (Extreme Fear)
2026-03-19 20:16:07 📈 OI: 6,874,023,117 (Δ +0.00%)
2026-03-19 20:16:07 📡 데이터 수집 완료 | 컨플루언스: 🔴 하락 컨플루언스
2026-03-19 20:16:07 📰 실시간 뉴스 6건 수집
2026-03-19 20:16:40 📊 분석가 완료
2026-03-19 20:16:40 📰 뉴스 에이전트 완료
2026-03-19 20:16:47 📢 공지 스캔 완료: 새 공지 없음 (총 15건 확인)
2026-03-19 20:16:50 🔍 ETHUSDT 분석 시작 (15m + 1h)...
2026-03-19 20:16:51 🤖 PPO 신호: 🔴 숏
2026-03-19 20:16:51 💰 펀딩비: +0.0027%
2026-03-19 20:16:51 📊 펀딩 추이: 양수 7회 / 음수 1회 (최근 8회)
2026-03-19 20:16:51 😱 공포탐욕: 23 (Extreme Fear)
2026-03-19 20:16:51 📈 OI: 6,874,024,202 (Δ +0.00%)
2026-03-19 20:16:51 📡 데이터 수집 완료 | 컨플루언스: 🔴 하락 컨플루언스
2026-03-19 20:16:51 📰 실시간 뉴스 6건 수집
2026-03-19 20:17:09 📊 분석가 완료
2026-03-19 20:17:09 📰 뉴스 에이전트 완료
2026-03-19 20:17:42 ⚖️ 리스크 에이전트 완료
2026-03-19 20:18:05 🤖 트레이더 결정: 🔴 숏 진입 | 신뢰도: 70%
2026-03-19 20:18:05 ⚠️ 중복 진입 방지: ETHUSDT 이미 포지션 존재 (SHORT)
2026-03-19 20:18:05 🔍 BTCUSDT 분석 시작 (15m + 1h)...
2026-03-19 20:18:06 💰 펀딩비: +0.0100%
2026-03-19 20:18:06 📊 펀딩 추이: 양수 7회 / 음수 1회 (최근 8회)
2026-03-19 20:18:06 😱 공포탐욕: 23 (Extreme Fear)
2026-03-19 20:18:06 📈 OI: 296,380,083 (Δ +0.00%)
2026-03-19 20:18:06 📡 데이터 수집 완료 | 컨플루언스: 🔴 하락 컨플루언스
2026-03-19 20:18:06 📰 실시간 뉴스 6건 수집
2026-03-19 20:18:39 📊 분석가 완료
2026-03-19 20:18:39 📰 뉴스 에이전트 완료
2026-03-19 20:19:15 ⚖️ 리스크 에이전트 완료
2026-03-19 20:19:30 🤖 트레이더 결정: 🔴 숏 진입 | 신뢰도: 72%
2026-03-19 20:19:30 🔗 교차 필터: ETHUSDT 동방향(short) → +5pt → 100%
2026-03-19 20:19:31 ⚠️ 중복 진입 방지: BTCUSDT 이미 포지션 존재 (SHORT)
2026-03-19 20:19:38 🔥 알트 스캔: PIPPINUSDT 1위 (점수 60)
2026-03-19 20:20:46 ⏸ 알트 자동 주문 보류: PIPPINUSDT 신뢰도 25% (기준 75%)
2026-03-19 20:29:51 🔍 ETHUSDT 분석 시작 (15m + 1h)...
2026-03-19 20:29:55 🤖 PPO 신호: 🔴 숏
2026-03-19 20:29:55 💰 펀딩비: +0.0028%
2026-03-19 20:29:55 📊 펀딩 추이: 양수 7회 / 음수 1회 (최근 8회)
2026-03-19 20:29:55 😱 공포탐욕: 23 (Extreme Fear)
2026-03-19 20:29:55 📈 OI: 6,874,449,978 (Δ +0.00%)
2026-03-19 20:29:55 📡 데이터 수집 완료 | 컨플루언스: ⚪ 혼조 (신호 불일치)
2026-03-19 20:29:55 📰 실시간 뉴스 6건 수집
2026-03-19 20:30:27 📊 분석가 완료
2026-03-19 20:30:27 📰 뉴스 에이전트 완료
2026-03-19 20:31:13 ⚖️ 리스크 에이전트 완료
2026-03-19 20:31:47 🤖 트레이더 결정: 🔴 숏 진입 | 신뢰도: 63%
2026-03-19 20:31:47 🔗 교차 필터: BTCUSDT 동방향(short) → +5pt → 96%
2026-03-19 20:31:48 ⚠️ 중복 진입 방지: ETHUSDT 이미 포지션 존재 (SHORT)
2026-03-19 20:31:48 🔍 BTCUSDT 분석 시작 (15m + 1h)...
2026-03-19 20:31:48 💰 펀딩비: +0.0100%
2026-03-19 20:31:48 📊 펀딩 추이: 양수 7회 / 음수 1회 (최근 8회)
2026-03-19 20:31:48 😱 공포탐욕: 23 (Extreme Fear)
2026-03-19 20:31:48 📈 OI: 296,395,071 (Δ +0.00%)
2026-03-19 20:31:48 📡 데이터 수집 완료 | 컨플루언스: 🔴 하락 컨플루언스
2026-03-19 20:31:48 📰 실시간 뉴스 6건 수집
2026-03-19 20:32:08 📊 분석가 완료
2026-03-19 20:32:08 📰 뉴스 에이전트 완료
2026-03-19 20:32:48 ⚖️ 리스크 에이전트 완료
2026-03-19 20:33:14 🤖 트레이더 결정: 🔴 숏 진입 | 신뢰도: 68%
2026-03-19 20:33:14 🔗 교차 필터: ETHUSDT 동방향(short) → +5pt → 100%
2026-03-19 20:33:14 ⚠️ 중복 진입 방지: BTCUSDT 이미 포지션 존재 (SHORT)
2026-03-19 20:33:22 🔥 알트 스캔: PIPPINUSDT 1위 (점수 60)
2026-03-19 20:34:30 ⏸ 알트 자동 주문 보류: PIPPINUSDT 신뢰도 15% (기준 75%)
2026-03-19 20:36:37 🔍 ETHUSDT 분석 시작 (15m + 1h)...
2026-03-19 20:36:40 🤖 PPO 신호: 🔴 숏
2026-03-19 20:36:40 💰 펀딩비: +0.0024%
2026-03-19 20:36:40 📊 펀딩 추이: 양수 7회 / 음수 1회 (최근 8회)
2026-03-19 20:36:40 😱 공포탐욕: 23 (Extreme Fear)
2026-03-19 20:36:40 📈 OI: 6,874,879,996 (Δ +0.00%)
2026-03-19 20:36:40 📡 데이터 수집 완료 | 컨플루언스: 🔴 하락 컨플루언스
2026-03-19 20:36:40 📰 실시간 뉴스 6건 수집
2026-03-19 20:37:13 📊 분석가 완료
2026-03-19 20:37:13 📰 뉴스 에이전트 완료
2026-03-19 20:38:01 ⚖️ 리스크 에이전트 완료
2026-03-19 20:38:25 🤖 트레이더 결정: ⚪ 관망 | 신뢰도: 62%
2026-03-19 20:38:25 ⚠️ 중복 진입 방지: ETHUSDT 이미 포지션 존재 (SHORT)
2026-03-19 20:38:25 🔍 BTCUSDT 분석 시작 (15m + 1h)...
2026-03-19 20:38:26 💰 펀딩비: +0.0100%
2026-03-19 20:38:26 📊 펀딩 추이: 양수 7회 / 음수 1회 (최근 8회)
2026-03-19 20:38:26 😱 공포탐욕: 23 (Extreme Fear)
2026-03-19 20:38:26 📈 OI: 296,415,300 (Δ +0.00%)
2026-03-19 20:38:26 📡 데이터 수집 완료 | 컨플루언스: 🔴 하락 컨플루언스
2026-03-19 20:38:26 📰 실시간 뉴스 6건 수집
2026-03-19 20:39:06 📊 분석가 완료
2026-03-19 20:39:06 📰 뉴스 에이전트 완료
2026-03-19 20:39:40 ⚖️ 리스크 에이전트 완료
2026-03-19 20:39:51 🤖 트레이더 결정: ⚪ 관망 | 신뢰도: 58%
2026-03-19 20:39:53 ⚠️ 중복 진입 방지: BTCUSDT 이미 포지션 존재 (SHORT)
2026-03-19 20:40:08 🔥 알트 스캔: THEUSDT 1위 (점수 60)
2026-03-19 20:41:16 🔍 ETHUSDT 분석 시작 (15m + 1h)...
2026-03-19 20:41:20 🤖 PPO 신호: 🔴 숏
2026-03-19 20:41:20 💰 펀딩비: +0.0029%
2026-03-19 20:41:20 📊 펀딩 추이: 양수 7회 / 음수 1회 (최근 8회)
2026-03-19 20:41:20 😱 공포탐욕: 23 (Extreme Fear)
2026-03-19 20:41:20 📈 OI: 6,875,034,147 (Δ +0.00%)
2026-03-19 20:41:20 📡 데이터 수집 완료 | 컨플루언스: 🔴 하락 컨플루언스
2026-03-19 20:41:20 📰 실시간 뉴스 6건 수집
2026-03-19 20:41:42 📊 분석가 완료
2026-03-19 20:41:42 📰 뉴스 에이전트 완료
2026-03-19 20:42:21 ⚖️ 리스크 에이전트 완료
2026-03-19 20:42:40 🤖 트레이더 결정: 🔴 숏 진입 | 신뢰도: 72%
2026-03-19 20:42:41 ⚠️ 중복 진입 방지: ETHUSDT 이미 포지션 존재 (SHORT)
2026-03-19 20:42:41 🔍 BTCUSDT 분석 시작 (15m + 1h)...
2026-03-19 20:42:42 💰 펀딩비: +0.0100%
2026-03-19 20:42:42 📊 펀딩 추이: 양수 7회 / 음수 1회 (최근 8회)
2026-03-19 20:42:42 😱 공포탐욕: 23 (Extreme Fear)
2026-03-19 20:42:42 📈 OI: 296,419,228 (Δ +0.00%)
2026-03-19 20:42:42 📡 데이터 수집 완료 | 컨플루언스: 🔴 하락 컨플루언스
2026-03-19 20:42:42 📰 실시간 뉴스 6건 수집
2026-03-19 20:43:18 📊 분석가 완료
2026-03-19 20:43:18 📰 뉴스 에이전트 완료
2026-03-19 20:44:09 ⚖️ 리스크 에이전트 완료
2026-03-19 20:44:21 🤖 트레이더 결정: 🔴 숏 진입 | 신뢰도: 72%
2026-03-19 20:44:21 🔗 교차 필터: ETHUSDT 동방향(short) → +5pt → 100%
2026-03-19 20:44:22 ⚠️ 중복 진입 방지: BTCUSDT 이미 포지션 존재 (SHORT)
2026-03-19 20:44:29 🔥 알트 스캔: THEUSDT 1위 (점수 60)
